2018-03-15 16:09:51,861 [Worker-1] INFO  o.e.m.c.i.l.LifecycleMappingFactory - Using org.maven.ide.eclipse.wtp.WarLifecycleMapping lifecycle mapping for MavenProject: cn.yunhe.ssm:struts_spring_mybatis:0.0.1-SNAPSHOT @ C:\Users\wuwei\Desktop\git\struts_spring_mybatis\pom.xml.
2018-03-15 16:09:52,518 [Worker-1] INFO  c.n.h.c.p.n.NettyAsyncHttpProvider - Number of application's worked threads is 16
2018-03-15 16:09:53,502 [New I/O client worker #1-1] INFO  o.e.m.c.i.e.AbstractTransferListenerAdapter - Downloading http://repo.maven.apache.org/maven2/org/springframework/spring-test/4.3.4.RELEASE/spring-test-4.3.4.RELEASE.pom
2018-03-15 16:09:53,518 [New I/O client worker #1-1] INFO  o.e.m.c.i.e.AbstractTransferListenerAdapter - Downloaded http://repo.maven.apache.org/maven2/org/springframework/spring-test/4.3.4.RELEASE/spring-test-4.3.4.RELEASE.pom
2018-03-15 16:09:53,830 [Worker-1] INFO  c.n.h.c.p.n.NettyAsyncHttpProvider - Number of application's worked threads is 16
2018-03-15 16:09:54,301 [New I/O client worker #2-1] INFO  o.e.m.c.i.e.AbstractTransferListenerAdapter - Downloading http://repo.maven.apache.org/maven2/org/springframework/spring-core/4.3.4.RELEASE/spring-core-4.3.4.RELEASE.pom
2018-03-15 16:09:54,303 [New I/O client worker #2-1] INFO  o.e.m.c.i.e.AbstractTransferListenerAdapter - Downloaded http://repo.maven.apache.org/maven2/org/springframework/spring-core/4.3.4.RELEASE/spring-core-4.3.4.RELEASE.pom
2018-03-15 16:09:54,659 [Worker-1] INFO  c.n.h.c.p.n.NettyAsyncHttpProvider - Number of application's worked threads is 16
2018-03-15 16:09:55,470 [New I/O client worker #3-1] INFO  o.e.m.c.i.e.AbstractTransferListenerAdapter - Downloading http://repo.maven.apache.org/maven2/org/springframework/spring-context/4.3.4.RELEASE/spring-context-4.3.4.RELEASE.pom
2018-03-15 16:09:55,472 [New I/O client worker #3-1] INFO  o.e.m.c.i.e.AbstractTransferListenerAdapter - Downloaded http://repo.maven.apache.org/maven2/org/springframework/spring-context/4.3.4.RELEASE/spring-context-4.3.4.RELEASE.pom
2018-03-15 16:09:55,866 [Worker-1] INFO  c.n.h.c.p.n.NettyAsyncHttpProvider - Number of application's worked threads is 16
2018-03-15 16:09:56,260 [New I/O client worker #4-1] INFO  o.e.m.c.i.e.AbstractTransferListenerAdapter - Downloading http://repo.maven.apache.org/maven2/org/springframework/spring-aop/4.3.4.RELEASE/spring-aop-4.3.4.RELEASE.pom
2018-03-15 16:09:56,262 [New I/O client worker #4-1] INFO  o.e.m.c.i.e.AbstractTransferListenerAdapter - Downloaded http://repo.maven.apache.org/maven2/org/springframework/spring-aop/4.3.4.RELEASE/spring-aop-4.3.4.RELEASE.pom
2018-03-15 16:09:56,497 [Worker-1] INFO  c.n.h.c.p.n.NettyAsyncHttpProvider - Number of application's worked threads is 16
2018-03-15 16:09:56,920 [New I/O client worker #5-1] INFO  o.e.m.c.i.e.AbstractTransferListenerAdapter - Downloading http://repo.maven.apache.org/maven2/org/springframework/spring-beans/4.3.4.RELEASE/spring-beans-4.3.4.RELEASE.pom
2018-03-15 16:09:56,922 [New I/O client worker #5-1] INFO  o.e.m.c.i.e.AbstractTransferListenerAdapter - Downloaded http://repo.maven.apache.org/maven2/org/springframework/spring-beans/4.3.4.RELEASE/spring-beans-4.3.4.RELEASE.pom
2018-03-15 16:09:57,153 [Worker-1] INFO  c.n.h.c.p.n.NettyAsyncHttpProvider - Number of application's worked threads is 16
2018-03-15 16:09:57,618 [New I/O client worker #6-1] INFO  o.e.m.c.i.e.AbstractTransferListenerAdapter - Downloading http://repo.maven.apache.org/maven2/org/springframework/spring-expression/4.3.4.RELEASE/spring-expression-4.3.4.RELEASE.pom
2018-03-15 16:09:57,619 [New I/O client worker #6-1] INFO  o.e.m.c.i.e.AbstractTransferListenerAdapter - Downloaded http://repo.maven.apache.org/maven2/org/springframework/spring-expression/4.3.4.RELEASE/spring-expression-4.3.4.RELEASE.pom
2018-03-15 16:09:57,846 [Worker-1] INFO  c.n.h.c.p.n.NettyAsyncHttpProvider - Number of application's worked threads is 16
2018-03-15 16:09:58,249 [New I/O client worker #7-1] INFO  o.e.m.c.i.e.AbstractTransferListenerAdapter - Downloading http://repo.maven.apache.org/maven2/org/springframework/spring-jdbc/4.3.4.RELEASE/spring-jdbc-4.3.4.RELEASE.pom
2018-03-15 16:09:58,251 [New I/O client worker #7-1] INFO  o.e.m.c.i.e.AbstractTransferListenerAdapter - Downloaded http://repo.maven.apache.org/maven2/org/springframework/spring-jdbc/4.3.4.RELEASE/spring-jdbc-4.3.4.RELEASE.pom
2018-03-15 16:09:58,543 [Worker-1] INFO  c.n.h.c.p.n.NettyAsyncHttpProvider - Number of application's worked threads is 16
2018-03-15 16:09:58,937 [New I/O client worker #8-1] INFO  o.e.m.c.i.e.AbstractTransferListenerAdapter - Downloading http://repo.maven.apache.org/maven2/org/springframework/spring-tx/4.3.4.RELEASE/spring-tx-4.3.4.RELEASE.pom
2018-03-15 16:09:58,942 [New I/O client worker #8-1] INFO  o.e.m.c.i.e.AbstractTransferListenerAdapter - Downloaded http://repo.maven.apache.org/maven2/org/springframework/spring-tx/4.3.4.RELEASE/spring-tx-4.3.4.RELEASE.pom
2018-03-15 16:09:59,277 [Worker-1] INFO  c.n.h.c.p.n.NettyAsyncHttpProvider - Number of application's worked threads is 16
2018-03-15 16:09:59,666 [New I/O client worker #9-1] INFO  o.e.m.c.i.e.AbstractTransferListenerAdapter - Downloading http://repo.maven.apache.org/maven2/org/mybatis/mybatis/3.4.1/mybatis-3.4.1.pom
2018-03-15 16:09:59,697 [New I/O client worker #9-1] INFO  o.e.m.c.i.e.AbstractTransferListenerAdapter - Downloaded http://repo.maven.apache.org/maven2/org/mybatis/mybatis/3.4.1/mybatis-3.4.1.pom
2018-03-15 16:10:00,010 [Worker-1] INFO  c.n.h.c.p.n.NettyAsyncHttpProvider - Number of application's worked threads is 16
2018-03-15 16:10:00,416 [New I/O client worker #10-1] INFO  o.e.m.c.i.e.AbstractTransferListenerAdapter - Downloading http://repo.maven.apache.org/maven2/mysql/mysql-connector-java/5.1.21/mysql-connector-java-5.1.21.pom
2018-03-15 16:10:00,416 [New I/O client worker #10-1] INFO  o.e.m.c.i.e.AbstractTransferListenerAdapter - Downloaded http://repo.maven.apache.org/maven2/mysql/mysql-connector-java/5.1.21/mysql-connector-java-5.1.21.pom
2018-03-15 16:10:00,666 [Worker-1] INFO  c.n.h.c.p.n.NettyAsyncHttpProvider - Number of application's worked threads is 16
2018-03-15 16:10:01,088 [New I/O client worker #11-1] INFO  o.e.m.c.i.e.AbstractTransferListenerAdapter - Downloading http://repo.maven.apache.org/maven2/com/alibaba/druid/1.0.26/druid-1.0.26.pom
2018-03-15 16:10:01,088 [New I/O client worker #11-1] INFO  o.e.m.c.i.e.AbstractTransferListenerAdapter - Downloaded http://repo.maven.apache.org/maven2/com/alibaba/druid/1.0.26/druid-1.0.26.pom
2018-03-15 16:10:01,369 [Worker-1] INFO  c.n.h.c.p.n.NettyAsyncHttpProvider - Number of application's worked threads is 16
2018-03-15 16:10:01,791 [New I/O client worker #12-1] INFO  o.e.m.c.i.e.AbstractTransferListenerAdapter - Downloading http://repo.maven.apache.org/maven2/org/apache/struts/struts2-core/2.3.31/struts2-core-2.3.31.pom
2018-03-15 16:10:01,791 [New I/O client worker #12-1] INFO  o.e.m.c.i.e.AbstractTransferListenerAdapter - Downloaded http://repo.maven.apache.org/maven2/org/apache/struts/struts2-core/2.3.31/struts2-core-2.3.31.pom
2018-03-15 16:10:02,057 [Worker-1] INFO  c.n.h.c.p.n.NettyAsyncHttpProvider - Number of application's worked threads is 16
2018-03-15 16:10:02,463 [New I/O client worker #13-1] INFO  o.e.m.c.i.e.AbstractTransferListenerAdapter - Downloading http://repo.maven.apache.org/maven2/org/apache/struts/struts2-parent/2.3.31/struts2-parent-2.3.31.pom
2018-03-15 16:10:02,729 [New I/O client worker #13-1] INFO  o.e.m.c.i.e.AbstractTransferListenerAdapter - Downloaded http://repo.maven.apache.org/maven2/org/apache/struts/struts2-parent/2.3.31/struts2-parent-2.3.31.pom
2018-03-15 16:10:02,963 [Worker-1] INFO  c.n.h.c.p.n.NettyAsyncHttpProvider - Number of application's worked threads is 16
2018-03-15 16:10:03,370 [New I/O client worker #14-1] INFO  o.e.m.c.i.e.AbstractTransferListenerAdapter - Downloading http://repo.maven.apache.org/maven2/org/apache/struts/struts-master/9/struts-master-9.pom
2018-03-15 16:10:03,385 [New I/O client worker #14-1] INFO  o.e.m.c.i.e.AbstractTransferListenerAdapter - Downloaded http://repo.maven.apache.org/maven2/org/apache/struts/struts-master/9/struts-master-9.pom
2018-03-15 16:10:03,666 [Worker-1] INFO  c.n.h.c.p.n.NettyAsyncHttpProvider - Number of application's worked threads is 16
2018-03-15 16:10:04,070 [New I/O client worker #15-1] INFO  o.e.m.c.i.e.AbstractTransferListenerAdapter - Downloading http://repo.maven.apache.org/maven2/org/apache/struts/xwork/xwork-core/2.3.31/xwork-core-2.3.31.pom
2018-03-15 16:10:04,073 [New I/O client worker #15-1] INFO  o.e.m.c.i.e.AbstractTransferListenerAdapter - Downloaded http://repo.maven.apache.org/maven2/org/apache/struts/xwork/xwork-core/2.3.31/xwork-core-2.3.31.pom
2018-03-15 16:10:04,313 [Worker-1] INFO  c.n.h.c.p.n.NettyAsyncHttpProvider - Number of application's worked threads is 16
2018-03-15 16:10:04,723 [New I/O client worker #16-1] INFO  o.e.m.c.i.e.AbstractTransferListenerAdapter - Downloading http://repo.maven.apache.org/maven2/org/apache/commons/commons-lang3/3.2/commons-lang3-3.2.pom
2018-03-15 16:10:04,932 [New I/O client worker #16-1] INFO  o.e.m.c.i.e.AbstractTransferListenerAdapter - Downloaded http://repo.maven.apache.org/maven2/org/apache/commons/commons-lang3/3.2/commons-lang3-3.2.pom
2018-03-15 16:10:05,333 [Worker-1] INFO  c.n.h.c.p.n.NettyAsyncHttpProvider - Number of application's worked threads is 16
2018-03-15 16:10:05,764 [New I/O client worker #17-1] INFO  o.e.m.c.i.e.AbstractTransferListenerAdapter - Downloading http://repo.maven.apache.org/maven2/ognl/ognl/3.0.19/ognl-3.0.19.pom
2018-03-15 16:10:05,768 [New I/O client worker #17-1] INFO  o.e.m.c.i.e.AbstractTransferListenerAdapter - Downloaded http://repo.maven.apache.org/maven2/ognl/ognl/3.0.19/ognl-3.0.19.pom
2018-03-15 16:10:06,132 [Worker-1] INFO  c.n.h.c.p.n.NettyAsyncHttpProvider - Number of application's worked threads is 16
2018-03-15 16:10:06,555 [New I/O client worker #18-1] INFO  o.e.m.c.i.e.AbstractTransferListenerAdapter - Downloading http://repo.maven.apache.org/maven2/javassist/javassist/3.11.0.GA/javassist-3.11.0.GA.pom
2018-03-15 16:10:06,555 [New I/O client worker #18-1] INFO  o.e.m.c.i.e.AbstractTransferListenerAdapter - Downloaded http://repo.maven.apache.org/maven2/javassist/javassist/3.11.0.GA/javassist-3.11.0.GA.pom
2018-03-15 16:10:06,805 [Worker-1] INFO  c.n.h.c.p.n.NettyAsyncHttpProvider - Number of application's worked threads is 16
2018-03-15 16:10:07,243 [New I/O client worker #19-1] INFO  o.e.m.c.i.e.AbstractTransferListenerAdapter - Downloading http://repo.maven.apache.org/maven2/asm/asm/3.3/asm-3.3.pom
2018-03-15 16:10:07,243 [New I/O client worker #19-1] INFO  o.e.m.c.i.e.AbstractTransferListenerAdapter - Downloaded http://repo.maven.apache.org/maven2/asm/asm/3.3/asm-3.3.pom
2018-03-15 16:10:07,493 [Worker-1] INFO  c.n.h.c.p.n.NettyAsyncHttpProvider - Number of application's worked threads is 16
2018-03-15 16:10:07,915 [New I/O client worker #20-1] INFO  o.e.m.c.i.e.AbstractTransferListenerAdapter - Downloading http://repo.maven.apache.org/maven2/asm/asm-parent/3.3/asm-parent-3.3.pom
2018-03-15 16:10:07,931 [New I/O client worker #20-1] INFO  o.e.m.c.i.e.AbstractTransferListenerAdapter - Downloaded http://repo.maven.apache.org/maven2/asm/asm-parent/3.3/asm-parent-3.3.pom
2018-03-15 16:10:08,181 [Worker-1] INFO  c.n.h.c.p.n.NettyAsyncHttpProvider - Number of application's worked threads is 16
2018-03-15 16:10:08,587 [New I/O client worker #21-1] INFO  o.e.m.c.i.e.AbstractTransferListenerAdapter - Downloading http://repo.maven.apache.org/maven2/asm/asm-commons/3.3/asm-commons-3.3.pom
2018-03-15 16:10:08,587 [New I/O client worker #21-1] INFO  o.e.m.c.i.e.AbstractTransferListenerAdapter - Downloaded http://repo.maven.apache.org/maven2/asm/asm-commons/3.3/asm-commons-3.3.pom
2018-03-15 16:10:08,837 [Worker-1] INFO  c.n.h.c.p.n.NettyAsyncHttpProvider - Number of application's worked threads is 16
2018-03-15 16:10:09,243 [New I/O client worker #22-1] INFO  o.e.m.c.i.e.AbstractTransferListenerAdapter - Downloading http://repo.maven.apache.org/maven2/asm/asm-tree/3.3/asm-tree-3.3.pom
2018-03-15 16:10:09,259 [New I/O client worker #22-1] INFO  o.e.m.c.i.e.AbstractTransferListenerAdapter - Downloaded http://repo.maven.apache.org/maven2/asm/asm-tree/3.3/asm-tree-3.3.pom
2018-03-15 16:10:09,493 [Worker-1] INFO  c.n.h.c.p.n.NettyAsyncHttpProvider - Number of application's worked threads is 16
2018-03-15 16:10:09,923 [New I/O client worker #23-1] INFO  o.e.m.c.i.e.AbstractTransferListenerAdapter - Downloading http://repo.maven.apache.org/maven2/org/freemarker/freemarker/2.3.22/freemarker-2.3.22.pom
2018-03-15 16:10:09,923 [New I/O client worker #23-1] INFO  o.e.m.c.i.e.AbstractTransferListenerAdapter - Downloaded http://repo.maven.apache.org/maven2/org/freemarker/freemarker/2.3.22/freemarker-2.3.22.pom
2018-03-15 16:10:10,282 [Worker-1] INFO  c.n.h.c.p.n.NettyAsyncHttpProvider - Number of application's worked threads is 16
2018-03-15 16:10:10,751 [New I/O client worker #24-1] INFO  o.e.m.c.i.e.AbstractTransferListenerAdapter - Downloading http://repo.maven.apache.org/maven2/commons-fileupload/commons-fileupload/1.3.2/commons-fileupload-1.3.2.pom
2018-03-15 16:10:10,751 [New I/O client worker #24-1] INFO  o.e.m.c.i.e.AbstractTransferListenerAdapter - Downloaded http://repo.maven.apache.org/maven2/commons-fileupload/commons-fileupload/1.3.2/commons-fileupload-1.3.2.pom
2018-03-15 16:10:11,001 [Worker-1] INFO  c.n.h.c.p.n.NettyAsyncHttpProvider - Number of application's worked threads is 16
2018-03-15 16:10:11,439 [New I/O client worker #25-1] INFO  o.e.m.c.i.e.AbstractTransferListenerAdapter - Downloading http://repo.maven.apache.org/maven2/org/apache/commons/commons-parent/40/commons-parent-40.pom
2018-03-15 16:10:11,939 [New I/O client worker #25-1] INFO  o.e.m.c.i.e.AbstractTransferListenerAdapter - Downloaded http://repo.maven.apache.org/maven2/org/apache/commons/commons-parent/40/commons-parent-40.pom
2018-03-15 16:10:12,298 [Worker-1] INFO  c.n.h.c.p.n.NettyAsyncHttpProvider - Number of application's worked threads is 16
2018-03-15 16:10:12,762 [New I/O client worker #26-1] INFO  o.e.m.c.i.e.AbstractTransferListenerAdapter - Downloading http://repo.maven.apache.org/maven2/org/apache/struts/struts2-spring-plugin/2.3.31/struts2-spring-plugin-2.3.31.pom
2018-03-15 16:10:12,762 [New I/O client worker #26-1] INFO  o.e.m.c.i.e.AbstractTransferListenerAdapter - Downloaded http://repo.maven.apache.org/maven2/org/apache/struts/struts2-spring-plugin/2.3.31/struts2-spring-plugin-2.3.31.pom
2018-03-15 16:10:13,043 [Worker-1] INFO  c.n.h.c.p.n.NettyAsyncHttpProvider - Number of application's worked threads is 16
2018-03-15 16:10:13,481 [New I/O client worker #27-1] INFO  o.e.m.c.i.e.AbstractTransferListenerAdapter - Downloading http://repo.maven.apache.org/maven2/org/apache/struts/struts2-plugins/2.3.31/struts2-plugins-2.3.31.pom
2018-03-15 16:10:13,496 [New I/O client worker #27-1] INFO  o.e.m.c.i.e.AbstractTransferListenerAdapter - Downloaded http://repo.maven.apache.org/maven2/org/apache/struts/struts2-plugins/2.3.31/struts2-plugins-2.3.31.pom
2018-03-15 16:10:13,778 [Worker-1] INFO  c.n.h.c.p.n.NettyAsyncHttpProvider - Number of application's worked threads is 16
2018-03-15 16:10:14,262 [New I/O client worker #28-1] INFO  o.e.m.c.i.e.AbstractTransferListenerAdapter - Downloading http://repo.maven.apache.org/maven2/org/springframework/spring-beans/3.0.5.RELEASE/spring-beans-3.0.5.RELEASE.pom
2018-03-15 16:10:14,262 [New I/O client worker #28-1] INFO  o.e.m.c.i.e.AbstractTransferListenerAdapter - Downloaded http://repo.maven.apache.org/maven2/org/springframework/spring-beans/3.0.5.RELEASE/spring-beans-3.0.5.RELEASE.pom
2018-03-15 16:10:14,559 [Worker-1] INFO  c.n.h.c.p.n.NettyAsyncHttpProvider - Number of application's worked threads is 16
2018-03-15 16:10:15,059 [New I/O client worker #29-1] INFO  o.e.m.c.i.e.AbstractTransferListenerAdapter - Downloading http://repo.maven.apache.org/maven2/org/springframework/spring-parent/3.0.5.RELEASE/spring-parent-3.0.5.RELEASE.pom
2018-03-15 16:10:15,059 [New I/O client worker #29-1] INFO  o.e.m.c.i.e.AbstractTransferListenerAdapter - Downloaded http://repo.maven.apache.org/maven2/org/springframework/spring-parent/3.0.5.RELEASE/spring-parent-3.0.5.RELEASE.pom
2018-03-15 16:10:15,356 [Worker-1] INFO  c.n.h.c.p.n.NettyAsyncHttpProvider - Number of application's worked threads is 16
2018-03-15 16:10:15,840 [New I/O client worker #30-1] INFO  o.e.m.c.i.e.AbstractTransferListenerAdapter - Downloading http://repo.maven.apache.org/maven2/org/springframework/spring-core/3.0.5.RELEASE/spring-core-3.0.5.RELEASE.pom
2018-03-15 16:10:15,840 [New I/O client worker #30-1] INFO  o.e.m.c.i.e.AbstractTransferListenerAdapter - Downloaded http://repo.maven.apache.org/maven2/org/springframework/spring-core/3.0.5.RELEASE/spring-core-3.0.5.RELEASE.pom
2018-03-15 16:10:16,200 [Worker-1] INFO  c.n.h.c.p.n.NettyAsyncHttpProvider - Number of application's worked threads is 16
2018-03-15 16:10:16,684 [New I/O client worker #31-1] INFO  o.e.m.c.i.e.AbstractTransferListenerAdapter - Downloading http://repo.maven.apache.org/maven2/org/springframework/spring-asm/3.0.5.RELEASE/spring-asm-3.0.5.RELEASE.pom
2018-03-15 16:10:16,684 [New I/O client worker #31-1] INFO  o.e.m.c.i.e.AbstractTransferListenerAdapter - Downloaded http://repo.maven.apache.org/maven2/org/springframework/spring-asm/3.0.5.RELEASE/spring-asm-3.0.5.RELEASE.pom
2018-03-15 16:10:17,091 [Worker-1] INFO  c.n.h.c.p.n.NettyAsyncHttpProvider - Number of application's worked threads is 16
2018-03-15 16:10:17,544 [New I/O client worker #32-1] INFO  o.e.m.c.i.e.AbstractTransferListenerAdapter - Downloading http://repo.maven.apache.org/maven2/org/springframework/spring-context/3.0.5.RELEASE/spring-context-3.0.5.RELEASE.pom
2018-03-15 16:10:17,544 [New I/O client worker #32-1] INFO  o.e.m.c.i.e.AbstractTransferListenerAdapter - Downloaded http://repo.maven.apache.org/maven2/org/springframework/spring-context/3.0.5.RELEASE/spring-context-3.0.5.RELEASE.pom
2018-03-15 16:10:17,809 [Worker-1] INFO  c.n.h.c.p.n.NettyAsyncHttpProvider - Number of application's worked threads is 16
2018-03-15 16:10:18,247 [New I/O client worker #33-1] INFO  o.e.m.c.i.e.AbstractTransferListenerAdapter - Downloading http://repo.maven.apache.org/maven2/org/springframework/spring-aop/3.0.5.RELEASE/spring-aop-3.0.5.RELEASE.pom
2018-03-15 16:10:18,247 [New I/O client worker #33-1] INFO  o.e.m.c.i.e.AbstractTransferListenerAdapter - Downloaded http://repo.maven.apache.org/maven2/org/springframework/spring-aop/3.0.5.RELEASE/spring-aop-3.0.5.RELEASE.pom
2018-03-15 16:10:18,544 [Worker-1] INFO  c.n.h.c.p.n.NettyAsyncHttpProvider - Number of application's worked threads is 16
2018-03-15 16:10:18,997 [New I/O client worker #34-1] INFO  o.e.m.c.i.e.AbstractTransferListenerAdapter - Downloading http://repo.maven.apache.org/maven2/org/springframework/spring-expression/3.0.5.RELEASE/spring-expression-3.0.5.RELEASE.pom
2018-03-15 16:10:18,997 [New I/O client worker #34-1] INFO  o.e.m.c.i.e.AbstractTransferListenerAdapter - Downloaded http://repo.maven.apache.org/maven2/org/springframework/spring-expression/3.0.5.RELEASE/spring-expression-3.0.5.RELEASE.pom
2018-03-15 16:10:19,200 [Worker-1] INFO  c.n.h.c.p.n.NettyAsyncHttpProvider - Number of application's worked threads is 16
2018-03-15 16:10:20,716 [New I/O client worker #35-1] INFO  o.e.m.c.i.e.AbstractTransferListenerAdapter - Downloading http://repo.maven.apache.org/maven2/org/springframework/spring-web/3.0.5.RELEASE/spring-web-3.0.5.RELEASE.pom
2018-03-15 16:10:20,716 [New I/O client worker #35-1] INFO  o.e.m.c.i.e.AbstractTransferListenerAdapter - Downloaded http://repo.maven.apache.org/maven2/org/springframework/spring-web/3.0.5.RELEASE/spring-web-3.0.5.RELEASE.pom
2018-03-15 16:10:20,981 [Worker-1] INFO  c.n.h.c.p.n.NettyAsyncHttpProvider - Number of application's worked threads is 16
2018-03-15 16:10:21,513 [New I/O client worker #36-1] INFO  o.e.m.c.i.e.AbstractTransferListenerAdapter - Downloading http://repo.maven.apache.org/maven2/org/apache/struts/struts2-json-plugin/2.3.31/struts2-json-plugin-2.3.31.pom
2018-03-15 16:10:21,513 [New I/O client worker #36-1] INFO  o.e.m.c.i.e.AbstractTransferListenerAdapter - Downloaded http://repo.maven.apache.org/maven2/org/apache/struts/struts2-json-plugin/2.3.31/struts2-json-plugin-2.3.31.pom
2018-03-15 16:10:21,778 [Worker-1] INFO  c.n.h.c.p.n.NettyAsyncHttpProvider - Number of application's worked threads is 16
2018-03-15 16:10:22,232 [New I/O client worker #37-1] INFO  o.e.m.c.i.e.AbstractTransferListenerAdapter - Downloading http://repo.maven.apache.org/maven2/org/springframework/spring-test/4.3.4.RELEASE/spring-test-4.3.4.RELEASE.jar
2018-03-15 16:10:22,247 [New I/O client worker #37-6] INFO  o.e.m.c.i.e.AbstractTransferListenerAdapter - Downloading http://repo.maven.apache.org/maven2/org/springframework/spring-expression/4.3.4.RELEASE/spring-expression-4.3.4.RELEASE.jar
2018-03-15 16:10:22,247 [New I/O client worker #37-2] INFO  o.e.m.c.i.e.AbstractTransferListenerAdapter - Downloading http://repo.maven.apache.org/maven2/org/springframework/spring-core/4.3.4.RELEASE/spring-core-4.3.4.RELEASE.jar
2018-03-15 16:10:22,247 [New I/O client worker #37-4] INFO  o.e.m.c.i.e.AbstractTransferListenerAdapter - Downloading http://repo.maven.apache.org/maven2/org/springframework/spring-aop/4.3.4.RELEASE/spring-aop-4.3.4.RELEASE.jar
2018-03-15 16:10:22,263 [New I/O client worker #37-3] INFO  o.e.m.c.i.e.AbstractTransferListenerAdapter - Downloading http://repo.maven.apache.org/maven2/org/springframework/spring-context/4.3.4.RELEASE/spring-context-4.3.4.RELEASE.jar
2018-03-15 16:10:22,294 [New I/O client worker #37-5] INFO  o.e.m.c.i.e.AbstractTransferListenerAdapter - Downloading http://repo.maven.apache.org/maven2/org/springframework/spring-beans/4.3.4.RELEASE/spring-beans-4.3.4.RELEASE.jar
2018-03-15 16:10:22,325 [New I/O client worker #37-11] INFO  o.e.m.c.i.e.AbstractTransferListenerAdapter - Downloading http://repo.maven.apache.org/maven2/com/alibaba/druid/1.0.26/druid-1.0.26.jar
2018-03-15 16:10:22,341 [New I/O client worker #37-10] INFO  o.e.m.c.i.e.AbstractTransferListenerAdapter - Downloading http://repo.maven.apache.org/maven2/mysql/mysql-connector-java/5.1.21/mysql-connector-java-5.1.21.jar
2018-03-15 16:10:22,357 [New I/O client worker #37-12] INFO  o.e.m.c.i.e.AbstractTransferListenerAdapter - Downloading http://repo.maven.apache.org/maven2/org/apache/struts/struts2-core/2.3.31/struts2-core-2.3.31.jar
2018-03-15 16:10:22,372 [New I/O client worker #37-9] INFO  o.e.m.c.i.e.AbstractTransferListenerAdapter - Downloading http://repo.maven.apache.org/maven2/org/mybatis/mybatis/3.4.1/mybatis-3.4.1.jar
2018-03-15 16:10:22,388 [New I/O client worker #37-8] INFO  o.e.m.c.i.e.AbstractTransferListenerAdapter - Downloading http://repo.maven.apache.org/maven2/org/springframework/spring-tx/4.3.4.RELEASE/spring-tx-4.3.4.RELEASE.jar
2018-03-15 16:10:22,403 [New I/O client worker #37-13] INFO  o.e.m.c.i.e.AbstractTransferListenerAdapter - Downloading http://repo.maven.apache.org/maven2/org/apache/struts/xwork/xwork-core/2.3.31/xwork-core-2.3.31.jar
2018-03-15 16:10:22,419 [New I/O client worker #37-7] INFO  o.e.m.c.i.e.AbstractTransferListenerAdapter - Downloading http://repo.maven.apache.org/maven2/org/springframework/spring-jdbc/4.3.4.RELEASE/spring-jdbc-4.3.4.RELEASE.jar
2018-03-15 16:10:22,435 [New I/O client worker #37-14] INFO  o.e.m.c.i.e.AbstractTransferListenerAdapter - Downloading http://repo.maven.apache.org/maven2/asm/asm/3.3/asm-3.3.jar
2018-03-15 16:10:22,888 [New I/O client worker #37-3] INFO  o.e.m.c.i.e.AbstractTransferListenerAdapter - Downloading http://repo.maven.apache.org/maven2/commons-fileupload/commons-fileupload/1.3.2/commons-fileupload-1.3.2.jar
2018-03-15 16:10:23,169 [New I/O client worker #37-15] INFO  o.e.m.c.i.e.AbstractTransferListenerAdapter - Downloading http://repo.maven.apache.org/maven2/asm/asm-commons/3.3/asm-commons-3.3.jar
2018-03-15 16:10:23,263 [New I/O client worker #37-14] INFO  o.e.m.c.i.e.AbstractTransferListenerAdapter - Downloaded http://repo.maven.apache.org/maven2/asm/asm/3.3/asm-3.3.jar
2018-03-15 16:10:23,325 [New I/O client worker #37-7] INFO  o.e.m.c.i.e.AbstractTransferListenerAdapter - Downloading http://repo.maven.apache.org/maven2/org/apache/struts/struts2-json-plugin/2.3.31/struts2-json-plugin-2.3.31.jar
2018-03-15 16:10:23,357 [New I/O client worker #37-1] INFO  o.e.m.c.i.e.AbstractTransferListenerAdapter - Downloading http://repo.maven.apache.org/maven2/ognl/ognl/3.0.19/ognl-3.0.19.jar
2018-03-15 16:10:23,716 [New I/O client worker #37-16] INFO  o.e.m.c.i.e.AbstractTransferListenerAdapter - Downloading http://repo.maven.apache.org/maven2/asm/asm-tree/3.3/asm-tree-3.3.jar
2018-03-15 16:10:23,794 [New I/O client worker #37-4] INFO  o.e.m.c.i.e.AbstractTransferListenerAdapter - Downloading http://repo.maven.apache.org/maven2/org/apache/struts/struts2-spring-plugin/2.3.31/struts2-spring-plugin-2.3.31.jar
2018-03-15 16:10:23,826 [New I/O client worker #37-5] INFO  o.e.m.c.i.e.AbstractTransferListenerAdapter - Downloading http://repo.maven.apache.org/maven2/org/springframework/spring-web/3.0.5.RELEASE/spring-web-3.0.5.RELEASE.jar
2018-03-15 16:10:23,841 [New I/O client worker #37-6] INFO  o.e.m.c.i.e.AbstractTransferListenerAdapter - Downloading http://repo.maven.apache.org/maven2/org/apache/commons/commons-lang3/3.2/commons-lang3-3.2.jar
2018-03-15 16:10:23,872 [New I/O client worker #37-2] INFO  o.e.m.c.i.e.AbstractTransferListenerAdapter - Downloading http://repo.maven.apache.org/maven2/javassist/javassist/3.11.0.GA/javassist-3.11.0.GA.jar
2018-03-15 16:10:23,982 [New I/O client worker #37-15] INFO  o.e.m.c.i.e.AbstractTransferListenerAdapter - Downloaded http://repo.maven.apache.org/maven2/asm/asm-commons/3.3/asm-commons-3.3.jar
2018-03-15 16:10:24,560 [New I/O client worker #37-4] INFO  o.e.m.c.i.e.AbstractTransferListenerAdapter - Downloaded http://repo.maven.apache.org/maven2/org/apache/struts/struts2-spring-plugin/2.3.31/struts2-spring-plugin-2.3.31.jar
2018-03-15 16:10:24,685 [New I/O client worker #37-3] INFO  o.e.m.c.i.e.AbstractTransferListenerAdapter - Downloaded http://repo.maven.apache.org/maven2/commons-fileupload/commons-fileupload/1.3.2/commons-fileupload-1.3.2.jar
2018-03-15 16:10:24,701 [New I/O client worker #37-16] INFO  o.e.m.c.i.e.AbstractTransferListenerAdapter - Downloaded http://repo.maven.apache.org/maven2/asm/asm-tree/3.3/asm-tree-3.3.jar
2018-03-15 16:10:25,716 [New I/O client worker #37-6] INFO  o.e.m.c.i.e.AbstractTransferListenerAdapter - Downloaded http://repo.maven.apache.org/maven2/org/springframework/spring-expression/4.3.4.RELEASE/spring-expression-4.3.4.RELEASE.jar
2018-03-15 16:10:26,013 [New I/O client worker #37-8] INFO  o.e.m.c.i.e.AbstractTransferListenerAdapter - Downloaded http://repo.maven.apache.org/maven2/org/springframework/spring-tx/4.3.4.RELEASE/spring-tx-4.3.4.RELEASE.jar
2018-03-15 16:10:26,123 [New I/O client worker #37-7] INFO  o.e.m.c.i.e.AbstractTransferListenerAdapter - Downloaded http://repo.maven.apache.org/maven2/org/apache/struts/struts2-json-plugin/2.3.31/struts2-json-plugin-2.3.31.jar
2018-03-15 16:10:27,123 [New I/O client worker #37-4] INFO  o.e.m.c.i.e.AbstractTransferListenerAdapter - Downloaded http://repo.maven.apache.org/maven2/org/springframework/spring-aop/4.3.4.RELEASE/spring-aop-4.3.4.RELEASE.jar
2018-03-15 16:10:27,717 [New I/O client worker #37-7] INFO  o.e.m.c.i.e.AbstractTransferListenerAdapter - Downloaded http://repo.maven.apache.org/maven2/org/springframework/spring-jdbc/4.3.4.RELEASE/spring-jdbc-4.3.4.RELEASE.jar
2018-03-15 16:10:28,685 [New I/O client worker #37-1] INFO  o.e.m.c.i.e.AbstractTransferListenerAdapter - Downloaded http://repo.maven.apache.org/maven2/ognl/ognl/3.0.19/ognl-3.0.19.jar
2018-03-15 16:10:28,967 [New I/O client worker #37-1] INFO  o.e.m.c.i.e.AbstractTransferListenerAdapter - Downloaded http://repo.maven.apache.org/maven2/org/springframework/spring-test/4.3.4.RELEASE/spring-test-4.3.4.RELEASE.jar
2018-03-15 16:10:30,029 [New I/O client worker #37-6] INFO  o.e.m.c.i.e.AbstractTransferListenerAdapter - Downloaded http://repo.maven.apache.org/maven2/org/apache/commons/commons-lang3/3.2/commons-lang3-3.2.jar
2018-03-15 16:10:30,233 [New I/O client worker #37-13] INFO  o.e.m.c.i.e.AbstractTransferListenerAdapter - Downloaded http://repo.maven.apache.org/maven2/org/apache/struts/xwork/xwork-core/2.3.31/xwork-core-2.3.31.jar
2018-03-15 16:10:30,279 [New I/O client worker #37-5] INFO  o.e.m.c.i.e.AbstractTransferListenerAdapter - Downloaded http://repo.maven.apache.org/maven2/org/springframework/spring-web/3.0.5.RELEASE/spring-web-3.0.5.RELEASE.jar
2018-03-15 16:10:30,451 [New I/O client worker #37-5] INFO  o.e.m.c.i.e.AbstractTransferListenerAdapter - Downloaded http://repo.maven.apache.org/maven2/org/springframework/spring-beans/4.3.4.RELEASE/spring-beans-4.3.4.RELEASE.jar
2018-03-15 16:10:31,201 [New I/O client worker #37-10] INFO  o.e.m.c.i.e.AbstractTransferListenerAdapter - Downloaded http://repo.maven.apache.org/maven2/mysql/mysql-connector-java/5.1.21/mysql-connector-java-5.1.21.jar
2018-03-15 16:10:32,701 [New I/O client worker #37-2] INFO  o.e.m.c.i.e.AbstractTransferListenerAdapter - Downloaded http://repo.maven.apache.org/maven2/javassist/javassist/3.11.0.GA/javassist-3.11.0.GA.jar
2018-03-15 16:10:34,611 [New I/O client worker #37-12] INFO  o.e.m.c.i.e.AbstractTransferListenerAdapter - Downloaded http://repo.maven.apache.org/maven2/org/apache/struts/struts2-core/2.3.31/struts2-core-2.3.31.jar
2018-03-15 16:10:34,970 [New I/O client worker #37-2] INFO  o.e.m.c.i.e.AbstractTransferListenerAdapter - Downloaded http://repo.maven.apache.org/maven2/org/springframework/spring-core/4.3.4.RELEASE/spring-core-4.3.4.RELEASE.jar
2018-03-15 16:10:38,239 [New I/O client worker #37-3] INFO  o.e.m.c.i.e.AbstractTransferListenerAdapter - Downloaded http://repo.maven.apache.org/maven2/org/springframework/spring-context/4.3.4.RELEASE/spring-context-4.3.4.RELEASE.jar
2018-03-15 16:10:39,287 [New I/O client worker #37-9] INFO  o.e.m.c.i.e.AbstractTransferListenerAdapter - Downloaded http://repo.maven.apache.org/maven2/org/mybatis/mybatis/3.4.1/mybatis-3.4.1.jar
2018-03-15 16:10:39,662 [New I/O client worker #37-11] INFO  o.e.m.c.i.e.AbstractTransferListenerAdapter - Downloaded http://repo.maven.apache.org/maven2/com/alibaba/druid/1.0.26/druid-1.0.26.jar
2018-03-15 16:10:45,501 [Worker-1] INFO  c.n.h.c.p.n.NettyAsyncHttpProvider - Number of application's worked threads is 16
2018-03-15 16:10:45,923 [New I/O client worker #38-1] INFO  o.e.m.c.i.e.AbstractTransferListenerAdapter - Downloading http://repo.maven.apache.org/maven2/org/eclipse/jetty/jetty-maven-plugin/9.3.14.v20161028/jetty-maven-plugin-9.3.14.v20161028.pom
2018-03-15 16:10:45,923 [New I/O client worker #38-1] INFO  o.e.m.c.i.e.AbstractTransferListenerAdapter - Downloaded http://repo.maven.apache.org/maven2/org/eclipse/jetty/jetty-maven-plugin/9.3.14.v20161028/jetty-maven-plugin-9.3.14.v20161028.pom
2018-03-15 16:10:46,157 [Worker-1] INFO  c.n.h.c.p.n.NettyAsyncHttpProvider - Number of application's worked threads is 16
2018-03-15 16:10:46,579 [New I/O client worker #39-1] INFO  o.e.m.c.i.e.AbstractTransferListenerAdapter - Downloading http://repo.maven.apache.org/maven2/org/eclipse/jetty/jetty-project/9.3.14.v20161028/jetty-project-9.3.14.v20161028.pom
2018-03-15 16:10:47,048 [New I/O client worker #39-1] INFO  o.e.m.c.i.e.AbstractTransferListenerAdapter - Downloaded http://repo.maven.apache.org/maven2/org/eclipse/jetty/jetty-project/9.3.14.v20161028/jetty-project-9.3.14.v20161028.pom
2018-03-15 16:10:47,407 [Worker-1] INFO  c.n.h.c.p.n.NettyAsyncHttpProvider - Number of application's worked threads is 16
2018-03-15 16:10:47,808 [New I/O client worker #40-1] INFO  o.e.m.c.i.e.AbstractTransferListenerAdapter - Downloading http://repo.maven.apache.org/maven2/org/eclipse/jetty/jetty-maven-plugin/9.3.14.v20161028/jetty-maven-plugin-9.3.14.v20161028.jar
2018-03-15 16:10:48,402 [New I/O client worker #40-1] INFO  o.e.m.c.i.e.AbstractTransferListenerAdapter - Downloaded http://repo.maven.apache.org/maven2/org/eclipse/jetty/jetty-maven-plugin/9.3.14.v20161028/jetty-maven-plugin-9.3.14.v20161028.jar
2018-03-15 16:10:48,871 [Worker-1] INFO  c.n.h.c.p.n.NettyAsyncHttpProvider - Number of application's worked threads is 16
2018-03-15 16:10:49,277 [New I/O client worker #41-1] INFO  o.e.m.c.i.e.AbstractTransferListenerAdapter - Downloading http://repo.maven.apache.org/maven2/org/apache/tomcat/maven/tomcat7-maven-plugin/2.1/tomcat7-maven-plugin-2.1.pom
2018-03-15 16:10:49,277 [New I/O client worker #41-1] INFO  o.e.m.c.i.e.AbstractTransferListenerAdapter - Downloaded http://repo.maven.apache.org/maven2/org/apache/tomcat/maven/tomcat7-maven-plugin/2.1/tomcat7-maven-plugin-2.1.pom
2018-03-15 16:10:49,511 [Worker-1] INFO  c.n.h.c.p.n.NettyAsyncHttpProvider - Number of application's worked threads is 16
2018-03-15 16:10:49,902 [New I/O client worker #42-1] INFO  o.e.m.c.i.e.AbstractTransferListenerAdapter - Downloading http://repo.maven.apache.org/maven2/org/apache/tomcat/maven/tomcat-maven-plugin/2.1/tomcat-maven-plugin-2.1.pom
2018-03-15 16:10:50,152 [New I/O client worker #42-1] INFO  o.e.m.c.i.e.AbstractTransferListenerAdapter - Downloaded http://repo.maven.apache.org/maven2/org/apache/tomcat/maven/tomcat-maven-plugin/2.1/tomcat-maven-plugin-2.1.pom
2018-03-15 16:10:50,402 [Worker-1] INFO  c.n.h.c.p.n.NettyAsyncHttpProvider - Number of application's worked threads is 16
2018-03-15 16:10:50,808 [New I/O client worker #43-1] INFO  o.e.m.c.i.e.AbstractTransferListenerAdapter - Downloading http://repo.maven.apache.org/maven2/org/apache/tomcat/maven/tomcat7-maven-plugin/2.1/tomcat7-maven-plugin-2.1.jar
2018-03-15 16:10:51,402 [New I/O client worker #43-1] INFO  o.e.m.c.i.e.AbstractTransferListenerAdapter - Downloaded http://repo.maven.apache.org/maven2/org/apache/tomcat/maven/tomcat7-maven-plugin/2.1/tomcat7-maven-plugin-2.1.jar
2018-03-15 16:10:52,793 [Worker-1] WARN  o.e.m.c.i.embedder.EclipseLogger - Using platform encoding (GBK actually) to copy filtered resources, i.e. build is platform dependent!
2018-03-15 16:10:52,793 [Worker-1] INFO  o.e.m.c.i.embedder.EclipseLogger - Copying 8 resources
2018-03-15 16:10:52,855 [Worker-1] WARN  o.e.m.c.i.embedder.EclipseLogger - Using platform encoding (GBK actually) to copy filtered resources, i.e. build is platform dependent!
2018-03-15 16:10:52,855 [Worker-1] INFO  o.e.m.c.i.embedder.EclipseLogger - skip non existing resourceDirectory C:\Users\wuwei\Desktop\git\struts_spring_mybatis\src\test\resources
2018-03-15 16:10:54,434 [Worker-0] WARN  o.e.m.c.i.embedder.EclipseLogger - Using platform encoding (GBK actually) to copy filtered resources, i.e. build is platform dependent!
2018-03-15 16:10:54,481 [Worker-0] INFO  o.e.m.c.i.embedder.EclipseLogger - Copying 8 resources
2018-03-15 16:10:54,528 [Worker-0] WARN  o.e.m.c.i.embedder.EclipseLogger - Using platform encoding (GBK actually) to copy filtered resources, i.e. build is platform dependent!
2018-03-15 16:10:54,528 [Worker-0] INFO  o.e.m.c.i.embedder.EclipseLogger - skip non existing resourceDirectory C:\Users\wuwei\Desktop\git\struts_spring_mybatis\src\test\resources
2018-03-15 16:10:55,715 [Worker-9] WARN  o.e.m.c.i.embedder.EclipseLogger - Using platform encoding (GBK actually) to copy filtered resources, i.e. build is platform dependent!
2018-03-15 16:10:55,715 [Worker-9] INFO  o.e.m.c.i.embedder.EclipseLogger - Copying 8 resources
2018-03-15 16:10:55,715 [Worker-9] WARN  o.e.m.c.i.embedder.EclipseLogger - Using platform encoding (GBK actually) to copy filtered resources, i.e. build is platform dependent!
2018-03-15 16:10:55,715 [Worker-9] INFO  o.e.m.c.i.embedder.EclipseLogger - skip non existing resourceDirectory C:\Users\wuwei\Desktop\git\struts_spring_mybatis\src\test\resources
2018-03-15 16:11:31,717 [Worker-2] INFO  o.e.m.c.i.l.LifecycleMappingFactory - Using org.maven.ide.eclipse.wtp.WarLifecycleMapping lifecycle mapping for MavenProject: cn.yunhe.ssm:struts_spring_mybatis:0.0.1-SNAPSHOT @ C:\Users\wuwei\Desktop\git\struts_spring_mybatis\pom.xml.
2018-03-15 16:11:32,061 [Worker-2] WARN  o.e.m.c.i.embedder.EclipseLogger - Using platform encoding (GBK actually) to copy filtered resources, i.e. build is platform dependent!
2018-03-15 16:11:32,061 [Worker-2] INFO  o.e.m.c.i.embedder.EclipseLogger - Copying 8 resources
2018-03-15 16:11:32,092 [Worker-2] WARN  o.e.m.c.i.embedder.EclipseLogger - Using platform encoding (GBK actually) to copy filtered resources, i.e. build is platform dependent!
2018-03-15 16:11:32,092 [Worker-2] INFO  o.e.m.c.i.embedder.EclipseLogger - skip non existing resourceDirectory C:\Users\wuwei\Desktop\git\struts_spring_mybatis\src\test\resources
2018-03-15 16:11:33,264 [Worker-7] WARN  o.e.m.c.i.embedder.EclipseLogger - Using platform encoding (GBK actually) to copy filtered resources, i.e. build is platform dependent!
2018-03-15 16:11:33,280 [Worker-7] INFO  o.e.m.c.i.embedder.EclipseLogger - Copying 8 resources
2018-03-15 16:11:33,280 [Worker-7] WARN  o.e.m.c.i.embedder.EclipseLogger - Using platform encoding (GBK actually) to copy filtered resources, i.e. build is platform dependent!
2018-03-15 16:11:33,280 [Worker-7] INFO  o.e.m.c.i.embedder.EclipseLogger - skip non existing resourceDirectory C:\Users\wuwei\Desktop\git\struts_spring_mybatis\src\test\resources
2018-03-15 16:12:09,447 [Worker-6] INFO  o.e.m.c.i.l.LifecycleMappingFactory - Using org.maven.ide.eclipse.wtp.WarLifecycleMapping lifecycle mapping for MavenProject: cn.yunhe.ssm:struts_spring_mybatis:0.0.1-SNAPSHOT @ C:\Users\wuwei\Desktop\git\struts_spring_mybatis\pom.xml.
2018-03-15 16:12:09,775 [Worker-6] WARN  o.e.m.c.i.embedder.EclipseLogger - Using platform encoding (GBK actually) to copy filtered resources, i.e. build is platform dependent!
2018-03-15 16:12:09,790 [Worker-6] INFO  o.e.m.c.i.embedder.EclipseLogger - Copying 0 resource
2018-03-15 16:12:09,790 [Worker-6] WARN  o.e.m.c.i.embedder.EclipseLogger - Using platform encoding (GBK actually) to copy filtered resources, i.e. build is platform dependent!
2018-03-15 16:12:09,790 [Worker-6] INFO  o.e.m.c.i.embedder.EclipseLogger - skip non existing resourceDirectory C:\Users\wuwei\Desktop\git\struts_spring_mybatis\src\test\resources
2018-03-15 16:12:09,790 [Worker-6] INFO  o.e.m.w.i.f.ResourceFilteringBuildParticipant - Changed resources require a complete clean of filtered resources of struts_spring_mybatis
2018-03-15 16:12:09,790 [Worker-6] INFO  o.e.m.w.i.f.ResourceFilteringBuildParticipant - Executing resource filtering for struts_spring_mybatis
2018-03-15 16:12:09,806 [Worker-6] WARN  o.e.m.c.i.embedder.EclipseLogger - Using platform encoding (GBK actually) to copy filtered resources, i.e. build is platform dependent!
2018-03-15 16:13:23,728 [Worker-5] INFO  o.e.m.c.i.l.LifecycleMappingFactory - Using org.maven.ide.eclipse.wtp.WarLifecycleMapping lifecycle mapping for MavenProject: cn.yunhe.ssm:struts_spring_mybatis:0.0.1-SNAPSHOT @ C:\Users\wuwei\Desktop\git\struts_spring_mybatis\pom.xml.
2018-03-15 16:13:24,056 [Worker-5] WARN  o.e.m.c.i.embedder.EclipseLogger - Using platform encoding (GBK actually) to copy filtered resources, i.e. build is platform dependent!
2018-03-15 16:13:24,056 [Worker-5] INFO  o.e.m.c.i.embedder.EclipseLogger - Copying 8 resources
2018-03-15 16:13:24,088 [Worker-5] WARN  o.e.m.c.i.embedder.EclipseLogger - Using platform encoding (GBK actually) to copy filtered resources, i.e. build is platform dependent!
2018-03-15 16:13:24,103 [Worker-5] INFO  o.e.m.c.i.embedder.EclipseLogger - skip non existing resourceDirectory C:\Users\wuwei\Desktop\git\struts_spring_mybatis\src\test\resources
2018-03-15 16:13:25,244 [Worker-0] WARN  o.e.m.c.i.embedder.EclipseLogger - Using platform encoding (GBK actually) to copy filtered resources, i.e. build is platform dependent!
2018-03-15 16:13:25,244 [Worker-0] INFO  o.e.m.c.i.embedder.EclipseLogger - Copying 8 resources
2018-03-15 16:13:25,244 [Worker-0] WARN  o.e.m.c.i.embedder.EclipseLogger - Using platform encoding (GBK actually) to copy filtered resources, i.e. build is platform dependent!
2018-03-15 16:13:25,244 [Worker-0] INFO  o.e.m.c.i.embedder.EclipseLogger - skip non existing resourceDirectory C:\Users\wuwei\Desktop\git\struts_spring_mybatis\src\test\resources
2018-03-15 16:14:32,592 [Worker-3] INFO  o.e.m.c.i.p.ProjectConfigurationManager - Update started
2018-03-15 16:14:32,670 [Worker-3] INFO  o.e.m.c.i.l.LifecycleMappingFactory - Using org.maven.ide.eclipse.wtp.WarLifecycleMapping lifecycle mapping for MavenProject: cn.yunhe.ssm:struts_spring_mybatis:0.0.1-SNAPSHOT @ C:\Users\wuwei\Desktop\git\struts_spring_mybatis\pom.xml.
2018-03-15 16:14:32,920 [Worker-3] INFO  o.e.m.j.i.AbstractJavaProjectConfigurator - Adding source folder /struts_spring_mybatis/src/main/java
2018-03-15 16:14:32,920 [Worker-3] INFO  o.e.m.j.i.AbstractJavaProjectConfigurator - Adding resource folder /struts_spring_mybatis/src/main/resources
2018-03-15 16:14:32,936 [Worker-3] INFO  o.e.m.j.i.AbstractJavaProjectConfigurator - Adding source folder /struts_spring_mybatis/src/test/java
2018-03-15 16:14:33,373 [Worker-3] INFO  o.e.m.w.i.f.ResourceFilteringBuildParticipant - Cleaning filtered folder for struts_spring_mybatis
2018-03-15 16:14:33,389 [Worker-3] INFO  o.e.m.c.i.p.ProjectConfigurationManager - Update completed: 0 sec
2018-03-15 16:14:33,748 [Worker-9] INFO  o.e.m.c.i.l.LifecycleMappingFactory - Using org.maven.ide.eclipse.wtp.WarLifecycleMapping lifecycle mapping for MavenProject: cn.yunhe.ssm:struts_spring_mybatis:0.0.1-SNAPSHOT @ C:\Users\wuwei\Desktop\git\struts_spring_mybatis\pom.xml.
2018-03-15 16:14:34,108 [Worker-9] WARN  o.e.m.c.i.embedder.EclipseLogger - Using platform encoding (GBK actually) to copy filtered resources, i.e. build is platform dependent!
2018-03-15 16:14:34,108 [Worker-9] INFO  o.e.m.c.i.embedder.EclipseLogger - Copying 8 resources
2018-03-15 16:14:34,155 [Worker-9] WARN  o.e.m.c.i.embedder.EclipseLogger - Using platform encoding (GBK actually) to copy filtered resources, i.e. build is platform dependent!
2018-03-15 16:14:34,155 [Worker-9] INFO  o.e.m.c.i.embedder.EclipseLogger - skip non existing resourceDirectory C:\Users\wuwei\Desktop\git\struts_spring_mybatis\src\test\resources
2018-03-15 16:14:36,703 [Worker-11] WARN  o.e.m.c.i.embedder.EclipseLogger - Using platform encoding (GBK actually) to copy filtered resources, i.e. build is platform dependent!
2018-03-15 16:14:36,718 [Worker-11] INFO  o.e.m.c.i.embedder.EclipseLogger - Copying 8 resources
2018-03-15 16:14:36,718 [Worker-11] WARN  o.e.m.c.i.embedder.EclipseLogger - Using platform encoding (GBK actually) to copy filtered resources, i.e. build is platform dependent!
2018-03-15 16:14:36,718 [Worker-11] INFO  o.e.m.c.i.embedder.EclipseLogger - skip non existing resourceDirectory C:\Users\wuwei\Desktop\git\struts_spring_mybatis\src\test\resources
2018-03-15 16:16:06,611 [Worker-1] INFO  o.e.m.i.launch.MavenLaunchDelegate - C:\Users\wuwei\Desktop\git\struts_spring_mybatis
2018-03-15 16:16:06,627 [Worker-1] INFO  o.e.m.i.launch.MavenLaunchDelegate -  mvn  -B clean
2018-03-15 16:16:09,370 [Worker-5] WARN  o.e.m.c.i.embedder.EclipseLogger - Using platform encoding (GBK actually) to copy filtered resources, i.e. build is platform dependent!
2018-03-15 16:16:09,370 [Worker-5] INFO  o.e.m.c.i.embedder.EclipseLogger - Copying 8 resources
2018-03-15 16:16:09,402 [Worker-5] WARN  o.e.m.c.i.embedder.EclipseLogger - Using platform encoding (GBK actually) to copy filtered resources, i.e. build is platform dependent!
2018-03-15 16:16:09,402 [Worker-5] INFO  o.e.m.c.i.embedder.EclipseLogger - skip non existing resourceDirectory C:\Users\wuwei\Desktop\git\struts_spring_mybatis\src\test\resources
2018-03-15 16:16:10,464 [Worker-1] WARN  o.e.m.c.i.embedder.EclipseLogger - Using platform encoding (GBK actually) to copy filtered resources, i.e. build is platform dependent!
2018-03-15 16:16:10,464 [Worker-1] INFO  o.e.m.c.i.embedder.EclipseLogger - Copying 8 resources
2018-03-15 16:16:10,464 [Worker-1] WARN  o.e.m.c.i.embedder.EclipseLogger - Using platform encoding (GBK actually) to copy filtered resources, i.e. build is platform dependent!
2018-03-15 16:16:10,464 [Worker-1] INFO  o.e.m.c.i.embedder.EclipseLogger - skip non existing resourceDirectory C:\Users\wuwei\Desktop\git\struts_spring_mybatis\src\test\resources
2018-03-15 16:16:16,449 [Worker-7] INFO  o.e.m.i.launch.MavenLaunchDelegate - C:\Users\wuwei\Desktop\git\struts_spring_mybatis
2018-03-15 16:16:16,449 [Worker-7] INFO  o.e.m.i.launch.MavenLaunchDelegate -  mvn  -B install
2018-03-15 16:16:19,718 [Worker-7] WARN  o.e.m.c.i.embedder.EclipseLogger - Using platform encoding (GBK actually) to copy filtered resources, i.e. build is platform dependent!
2018-03-15 16:16:19,718 [Worker-7] INFO  o.e.m.c.i.embedder.EclipseLogger - Copying 0 resource
2018-03-15 16:16:19,718 [Worker-7] WARN  o.e.m.c.i.embedder.EclipseLogger - Using platform encoding (GBK actually) to copy filtered resources, i.e. build is platform dependent!
2018-03-15 16:16:19,734 [Worker-7] INFO  o.e.m.c.i.embedder.EclipseLogger - skip non existing resourceDirectory C:\Users\wuwei\Desktop\git\struts_spring_mybatis\src\test\resources
2018-03-15 16:17:52,991 [Worker-2] WARN  o.e.m.c.i.embedder.EclipseLogger - Using platform encoding (GBK actually) to copy filtered resources, i.e. build is platform dependent!
2018-03-15 16:17:52,991 [Worker-2] INFO  o.e.m.c.i.embedder.EclipseLogger - Copying 0 resource
2018-03-15 16:17:52,991 [Worker-2] WARN  o.e.m.c.i.embedder.EclipseLogger - Using platform encoding (GBK actually) to copy filtered resources, i.e. build is platform dependent!
2018-03-15 16:17:53,007 [Worker-2] INFO  o.e.m.c.i.embedder.EclipseLogger - skip non existing resourceDirectory C:\Users\wuwei\Desktop\git\struts_spring_mybatis\src\test\resources
2018-03-15 16:18:02,074 [Worker-5] INFO  o.e.m.i.launch.MavenLaunchDelegate - C:\Users\wuwei\Desktop\git\struts_spring_mybatis
2018-03-15 16:18:02,074 [Worker-5] INFO  o.e.m.i.launch.MavenLaunchDelegate -  mvn  -B install
2018-03-15 16:18:05,176 [Worker-15] WARN  o.e.m.c.i.embedder.EclipseLogger - Using platform encoding (GBK actually) to copy filtered resources, i.e. build is platform dependent!
2018-03-15 16:18:05,176 [Worker-15] INFO  o.e.m.c.i.embedder.EclipseLogger - Copying 0 resource
2018-03-15 16:18:05,176 [Worker-15] WARN  o.e.m.c.i.embedder.EclipseLogger - Using platform encoding (GBK actually) to copy filtered resources, i.e. build is platform dependent!
2018-03-15 16:18:05,176 [Worker-15] INFO  o.e.m.c.i.embedder.EclipseLogger - skip non existing resourceDirectory C:\Users\wuwei\Desktop\git\struts_spring_mybatis\src\test\resources
2018-03-15 16:18:16,677 [Worker-5] INFO  o.e.m.c.i.p.ProjectConfigurationManager - Update started
2018-03-15 16:18:16,740 [Worker-5] INFO  o.e.m.c.i.l.LifecycleMappingFactory - Using org.maven.ide.eclipse.wtp.WarLifecycleMapping lifecycle mapping for MavenProject: cn.yunhe.ssm:struts_spring_mybatis:0.0.1-SNAPSHOT @ C:\Users\wuwei\Desktop\git\struts_spring_mybatis\pom.xml.
2018-03-15 16:18:18,083 [Worker-5] INFO  o.e.m.j.i.AbstractJavaProjectConfigurator - Adding source folder /struts_spring_mybatis/src/main/java
2018-03-15 16:18:18,083 [Worker-5] INFO  o.e.m.j.i.AbstractJavaProjectConfigurator - Adding resource folder /struts_spring_mybatis/src/main/resources
2018-03-15 16:18:18,083 [Worker-5] INFO  o.e.m.j.i.AbstractJavaProjectConfigurator - Adding source folder /struts_spring_mybatis/src/test/java
2018-03-15 16:18:18,458 [Worker-5] ERROR o.e.m2e.wtp.WTPProjectConfigurator - Unable to configure struts_spring_mybatis
org.eclipse.m2e.wtp.MarkedException: Unable to configure struts_spring_mybatis
	at org.eclipse.m2e.wtp.AbstractProjectConfiguratorDelegate.configureProject(AbstractProjectConfiguratorDelegate.java:97) ~[na:na]
	at org.eclipse.m2e.wtp.WTPProjectConfigurator.configure(WTPProjectConfigurator.java:61) ~[na:na]
	at org.eclipse.m2e.core.project.configurator.AbstractLifecycleMapping.configure(AbstractLifecycleMapping.java:109) [org.eclipse.m2e.core_1.4.0.20130601-0317.jar:na]
	at org.eclipse.m2e.core.internal.project.ProjectConfigurationManager$3.call(ProjectConfigurationManager.java:472) [org.eclipse.m2e.core_1.4.0.20130601-0317.jar:na]
	at org.eclipse.m2e.core.internal.project.ProjectConfigurationManager$3.call(ProjectConfigurationManager.java:1) [org.eclipse.m2e.core_1.4.0.20130601-0317.jar:na]
	at org.eclipse.m2e.core.internal.embedder.MavenExecutionContext.executeBare(MavenExecutionContext.java:161) [org.eclipse.m2e.core_1.4.0.20130601-0317.jar:na]
	at org.eclipse.m2e.core.internal.embedder.MavenExecutionContext.execute(MavenExecutionContext.java:137) [org.eclipse.m2e.core_1.4.0.20130601-0317.jar:na]
	at org.eclipse.m2e.core.internal.project.ProjectConfigurationManager.updateProjectConfiguration(ProjectConfigurationManager.java:465) [org.eclipse.m2e.core_1.4.0.20130601-0317.jar:na]
	at org.eclipse.m2e.core.internal.project.ProjectConfigurationManager.updateProjectConfiguration0(ProjectConfigurationManager.java:403) [org.eclipse.m2e.core_1.4.0.20130601-0317.jar:na]
	at org.eclipse.m2e.core.internal.project.ProjectConfigurationManager$2.call(ProjectConfigurationManager.java:316) [org.eclipse.m2e.core_1.4.0.20130601-0317.jar:na]
	at org.eclipse.m2e.core.internal.project.ProjectConfigurationManager$2.call(ProjectConfigurationManager.java:1) [org.eclipse.m2e.core_1.4.0.20130601-0317.jar:na]
	at org.eclipse.m2e.core.internal.embedder.MavenExecutionContext.executeBare(MavenExecutionContext.java:161) [org.eclipse.m2e.core_1.4.0.20130601-0317.jar:na]
	at org.eclipse.m2e.core.internal.embedder.MavenExecutionContext.execute(MavenExecutionContext.java:137) [org.eclipse.m2e.core_1.4.0.20130601-0317.jar:na]
	at org.eclipse.m2e.core.internal.embedder.MavenExecutionContext.execute(MavenExecutionContext.java:89) [org.eclipse.m2e.core_1.4.0.20130601-0317.jar:na]
	at org.eclipse.m2e.core.internal.embedder.MavenImpl.execute(MavenImpl.java:1301) [org.eclipse.m2e.core_1.4.0.20130601-0317.jar:na]
	at org.eclipse.m2e.core.internal.project.ProjectConfigurationManager.updateProjectConfiguration(ProjectConfigurationManager.java:313) [org.eclipse.m2e.core_1.4.0.20130601-0317.jar:na]
	at org.eclipse.m2e.core.ui.internal.UpdateMavenProjectJob.runInWorkspace(UpdateMavenProjectJob.java:77) [org.eclipse.m2e.core.ui_1.4.0.20130601-0317.jar:na]
	at org.eclipse.core.internal.resources.InternalWorkspaceJob.run(InternalWorkspaceJob.java:38) [org.eclipse.core.resources_3.8.100.v20130521-2026.jar:na]
	at org.eclipse.core.internal.jobs.Worker.run(Worker.java:53) [org.eclipse.core.jobs_3.5.300.v20130429-1813.jar:na]
Caused by: org.eclipse.core.runtime.CoreException: One or more constraints have not been satisfied.
	at org.eclipse.wst.common.project.facet.core.internal.FacetedProject.modifyInternal(FacetedProject.java:363) ~[na:na]
	at org.eclipse.wst.common.project.facet.core.internal.FacetedProject.mergeChangesInternal(FacetedProject.java:1181) ~[na:na]
	at org.eclipse.wst.common.project.facet.core.internal.FacetedProject.access$2(FacetedProject.java:1117) ~[na:na]
	at org.eclipse.wst.common.project.facet.core.internal.FacetedProject$1.run(FacetedProject.java:324) ~[na:na]
	at org.eclipse.core.internal.resources.Workspace.run(Workspace.java:2345) ~[org.eclipse.core.resources_3.8.100.v20130521-2026.jar:na]
	at org.eclipse.wst.common.project.facet.core.internal.FacetedProject.modify(FacetedProject.java:339) ~[na:na]
	at org.eclipse.m2e.wtp.WebProjectConfiguratorDelegate.configure(WebProjectConfiguratorDelegate.java:150) ~[na:na]
	at org.eclipse.m2e.wtp.AbstractProjectConfiguratorDelegate.configureProject(AbstractProjectConfiguratorDelegate.java:93) ~[na:na]
	... 18 common frames omitted
2018-03-15 16:18:18,537 [Worker-5] INFO  o.e.m.w.i.f.ResourceFilteringBuildParticipant - Cleaning filtered folder for struts_spring_mybatis
2018-03-15 16:18:18,552 [Worker-5] INFO  o.e.m.c.i.p.ProjectConfigurationManager - Update completed: 1 sec
2018-03-15 16:18:18,880 [Worker-1] INFO  o.e.m.c.i.l.LifecycleMappingFactory - Using org.maven.ide.eclipse.wtp.WarLifecycleMapping lifecycle mapping for MavenProject: cn.yunhe.ssm:struts_spring_mybatis:0.0.1-SNAPSHOT @ C:\Users\wuwei\Desktop\git\struts_spring_mybatis\pom.xml.
2018-03-15 16:18:19,193 [Worker-1] WARN  o.e.m.c.i.embedder.EclipseLogger - Using platform encoding (GBK actually) to copy filtered resources, i.e. build is platform dependent!
2018-03-15 16:18:19,193 [Worker-1] INFO  o.e.m.c.i.embedder.EclipseLogger - Copying 8 resources
2018-03-15 16:18:19,224 [Worker-1] WARN  o.e.m.c.i.embedder.EclipseLogger - Using platform encoding (GBK actually) to copy filtered resources, i.e. build is platform dependent!
2018-03-15 16:18:19,240 [Worker-1] INFO  o.e.m.c.i.embedder.EclipseLogger - skip non existing resourceDirectory C:\Users\wuwei\Desktop\git\struts_spring_mybatis\src\test\resources
2018-03-15 16:18:23,193 [Worker-13] WARN  o.e.m.c.i.embedder.EclipseLogger - Using platform encoding (GBK actually) to copy filtered resources, i.e. build is platform dependent!
2018-03-15 16:18:23,193 [Worker-13] INFO  o.e.m.c.i.embedder.EclipseLogger - Copying 8 resources
2018-03-15 16:18:23,193 [Worker-13] WARN  o.e.m.c.i.embedder.EclipseLogger - Using platform encoding (GBK actually) to copy filtered resources, i.e. build is platform dependent!
2018-03-15 16:18:23,193 [Worker-13] INFO  o.e.m.c.i.embedder.EclipseLogger - skip non existing resourceDirectory C:\Users\wuwei\Desktop\git\struts_spring_mybatis\src\test\resources
2018-03-15 16:22:06,613 [Worker-16] WARN  o.e.m.c.i.embedder.EclipseLogger - Using platform encoding (GBK actually) to copy filtered resources, i.e. build is platform dependent!
2018-03-15 16:22:06,617 [Worker-16] INFO  o.e.m.c.i.embedder.EclipseLogger - Copying 1 resource
2018-03-15 16:22:06,623 [Worker-16] WARN  o.e.m.c.i.embedder.EclipseLogger - Using platform encoding (GBK actually) to copy filtered resources, i.e. build is platform dependent!
2018-03-15 16:22:06,625 [Worker-16] INFO  o.e.m.c.i.embedder.EclipseLogger - skip non existing resourceDirectory C:\Users\wuwei\Desktop\git\struts_spring_mybatis\src\test\resources
2018-03-15 16:24:06,053 [Worker-13] INFO  o.e.m.c.i.l.LifecycleMappingFactory - Using org.maven.ide.eclipse.wtp.WarLifecycleMapping lifecycle mapping for MavenProject: cn.yunhe.ssm:struts_spring_mybatis:0.0.1-SNAPSHOT @ C:\Users\wuwei\Desktop\git\struts_spring_mybatis\pom.xml.
2018-03-15 16:24:06,420 [Worker-13] WARN  o.e.m.c.i.embedder.EclipseLogger - Using platform encoding (GBK actually) to copy filtered resources, i.e. build is platform dependent!
2018-03-15 16:24:06,424 [Worker-13] INFO  o.e.m.c.i.embedder.EclipseLogger - Copying 0 resource
2018-03-15 16:24:06,426 [Worker-13] WARN  o.e.m.c.i.embedder.EclipseLogger - Using platform encoding (GBK actually) to copy filtered resources, i.e. build is platform dependent!
2018-03-15 16:24:06,429 [Worker-13] INFO  o.e.m.c.i.embedder.EclipseLogger - skip non existing resourceDirectory C:\Users\wuwei\Desktop\git\struts_spring_mybatis\src\test\resources
2018-03-15 16:24:06,432 [Worker-13] INFO  o.e.m.w.i.f.ResourceFilteringBuildParticipant - Changed resources require a complete clean of filtered resources of struts_spring_mybatis
2018-03-15 16:24:06,432 [Worker-13] INFO  o.e.m.w.i.f.ResourceFilteringBuildParticipant - Executing resource filtering for struts_spring_mybatis
2018-03-15 16:24:06,464 [Worker-13] WARN  o.e.m.c.i.embedder.EclipseLogger - Using platform encoding (GBK actually) to copy filtered resources, i.e. build is platform dependent!
2018-03-15 16:28:12,544 [Worker-20] WARN  o.e.m.c.i.embedder.EclipseLogger - Using platform encoding (GBK actually) to copy filtered resources, i.e. build is platform dependent!
2018-03-15 16:28:12,547 [Worker-20] INFO  o.e.m.c.i.embedder.EclipseLogger - Copying 0 resource
2018-03-15 16:28:12,549 [Worker-20] WARN  o.e.m.c.i.embedder.EclipseLogger - Using platform encoding (GBK actually) to copy filtered resources, i.e. build is platform dependent!
2018-03-15 16:28:12,552 [Worker-20] INFO  o.e.m.c.i.embedder.EclipseLogger - skip non existing resourceDirectory C:\Users\wuwei\Desktop\git\struts_spring_mybatis\src\test\resources
2018-03-15 16:30:50,856 [Worker-2] INFO  o.e.m.c.i.l.LifecycleMappingFactory - Using org.maven.ide.eclipse.wtp.WarLifecycleMapping lifecycle mapping for MavenProject: cn.yunhe.ssm:struts_spring_mybatis:0.0.1-SNAPSHOT @ C:\Users\wuwei\Desktop\git\struts_spring_mybatis\pom.xml.
2018-03-15 16:30:51,191 [Worker-2] WARN  o.e.m.c.i.embedder.EclipseLogger - Using platform encoding (GBK actually) to copy filtered resources, i.e. build is platform dependent!
2018-03-15 16:30:51,195 [Worker-2] INFO  o.e.m.c.i.embedder.EclipseLogger - Copying 0 resource
2018-03-15 16:30:51,196 [Worker-2] WARN  o.e.m.c.i.embedder.EclipseLogger - Using platform encoding (GBK actually) to copy filtered resources, i.e. build is platform dependent!
2018-03-15 16:30:51,199 [Worker-2] INFO  o.e.m.c.i.embedder.EclipseLogger - skip non existing resourceDirectory C:\Users\wuwei\Desktop\git\struts_spring_mybatis\src\test\resources
2018-03-15 16:31:30,038 [Worker-16] INFO  o.e.m.c.i.l.LifecycleMappingFactory - Using org.maven.ide.eclipse.wtp.WarLifecycleMapping lifecycle mapping for MavenProject: cn.yunhe.ssm:struts_spring_mybatis:0.0.1-SNAPSHOT @ C:\Users\wuwei\Desktop\git\struts_spring_mybatis\pom.xml.
2018-03-15 16:31:30,296 [Worker-16] WARN  o.e.m.c.i.embedder.EclipseLogger - Using platform encoding (GBK actually) to copy filtered resources, i.e. build is platform dependent!
2018-03-15 16:31:30,298 [Worker-16] INFO  o.e.m.c.i.embedder.EclipseLogger - Copying 0 resource
2018-03-15 16:31:30,300 [Worker-16] WARN  o.e.m.c.i.embedder.EclipseLogger - Using platform encoding (GBK actually) to copy filtered resources, i.e. build is platform dependent!
2018-03-15 16:31:30,303 [Worker-16] INFO  o.e.m.c.i.embedder.EclipseLogger - skip non existing resourceDirectory C:\Users\wuwei\Desktop\git\struts_spring_mybatis\src\test\resources
2018-03-15 16:31:54,189 [Worker-1] INFO  c.n.h.c.p.n.NettyAsyncHttpProvider - Number of application's worked threads is 16
2018-03-15 16:31:56,465 [New I/O client worker #44-1] INFO  o.e.m.c.i.e.AbstractTransferListenerAdapter - Downloading http://repo.maven.apache.org/maven2/org/springframework/spring-web/3.0.5.RELEASE/spring-web-3.0.5.RELEASE-sources.jar
2018-03-15 16:31:58,371 [New I/O client worker #44-1] INFO  o.e.m.c.i.e.AbstractTransferListenerAdapter - Downloaded http://repo.maven.apache.org/maven2/org/springframework/spring-web/3.0.5.RELEASE/spring-web-3.0.5.RELEASE-sources.jar
2018-03-15 16:31:58,927 [Worker-1] INFO  o.e.m.j.internal.DownloadSourcesJob - Downloaded sources for org.springframework:spring-web:3.0.5.RELEASE
2018-03-15 16:31:59,139 [Worker-2] WARN  o.e.m.c.i.embedder.EclipseLogger - Using platform encoding (GBK actually) to copy filtered resources, i.e. build is platform dependent!
2018-03-15 16:31:59,142 [Worker-2] INFO  o.e.m.c.i.embedder.EclipseLogger - Copying 0 resource
2018-03-15 16:31:59,143 [Worker-2] WARN  o.e.m.c.i.embedder.EclipseLogger - Using platform encoding (GBK actually) to copy filtered resources, i.e. build is platform dependent!
2018-03-15 16:31:59,146 [Worker-2] INFO  o.e.m.c.i.embedder.EclipseLogger - skip non existing resourceDirectory C:\Users\wuwei\Desktop\git\struts_spring_mybatis\src\test\resources
2018-03-15 16:33:53,466 [Worker-22] INFO  o.e.m.c.i.l.LifecycleMappingFactory - Using org.maven.ide.eclipse.wtp.WarLifecycleMapping lifecycle mapping for MavenProject: cn.yunhe.ssm:struts_spring_mybatis:0.0.1-SNAPSHOT @ C:\Users\wuwei\Desktop\git\struts_spring_mybatis\pom.xml.
2018-03-15 16:33:53,727 [Worker-22] WARN  o.e.m.c.i.embedder.EclipseLogger - Using platform encoding (GBK actually) to copy filtered resources, i.e. build is platform dependent!
2018-03-15 16:33:53,730 [Worker-22] INFO  o.e.m.c.i.embedder.EclipseLogger - Copying 0 resource
2018-03-15 16:33:53,732 [Worker-22] WARN  o.e.m.c.i.embedder.EclipseLogger - Using platform encoding (GBK actually) to copy filtered resources, i.e. build is platform dependent!
2018-03-15 16:33:53,736 [Worker-22] INFO  o.e.m.c.i.embedder.EclipseLogger - skip non existing resourceDirectory C:\Users\wuwei\Desktop\git\struts_spring_mybatis\src\test\resources
2018-03-15 16:33:53,737 [Worker-22] INFO  o.e.m.w.i.f.ResourceFilteringBuildParticipant - Changed resources require a complete clean of filtered resources of struts_spring_mybatis
2018-03-15 16:33:53,737 [Worker-22] INFO  o.e.m.w.i.f.ResourceFilteringBuildParticipant - Executing resource filtering for struts_spring_mybatis
2018-03-15 16:33:53,746 [Worker-22] WARN  o.e.m.c.i.embedder.EclipseLogger - Using platform encoding (GBK actually) to copy filtered resources, i.e. build is platform dependent!
2018-03-15 16:35:45,624 [Worker-19] INFO  o.e.m.i.launch.MavenLaunchDelegate - C:\Users\wuwei\Desktop\git\struts_spring_mybatis
2018-03-15 16:35:45,625 [Worker-19] INFO  o.e.m.i.launch.MavenLaunchDelegate -  mvn  -B clean
2018-03-15 16:35:47,403 [Worker-28] WARN  o.e.m.c.i.embedder.EclipseLogger - Using platform encoding (GBK actually) to copy filtered resources, i.e. build is platform dependent!
2018-03-15 16:35:47,409 [Worker-28] INFO  o.e.m.c.i.embedder.EclipseLogger - Copying 8 resources
2018-03-15 16:35:47,444 [Worker-28] WARN  o.e.m.c.i.embedder.EclipseLogger - Using platform encoding (GBK actually) to copy filtered resources, i.e. build is platform dependent!
2018-03-15 16:35:47,446 [Worker-28] INFO  o.e.m.c.i.embedder.EclipseLogger - skip non existing resourceDirectory C:\Users\wuwei\Desktop\git\struts_spring_mybatis\src\test\resources
2018-03-15 16:35:48,530 [Worker-16] WARN  o.e.m.c.i.embedder.EclipseLogger - Using platform encoding (GBK actually) to copy filtered resources, i.e. build is platform dependent!
2018-03-15 16:35:48,534 [Worker-16] INFO  o.e.m.c.i.embedder.EclipseLogger - Copying 8 resources
2018-03-15 16:35:48,536 [Worker-16] WARN  o.e.m.c.i.embedder.EclipseLogger - Using platform encoding (GBK actually) to copy filtered resources, i.e. build is platform dependent!
2018-03-15 16:35:48,539 [Worker-16] INFO  o.e.m.c.i.embedder.EclipseLogger - skip non existing resourceDirectory C:\Users\wuwei\Desktop\git\struts_spring_mybatis\src\test\resources
2018-03-15 16:37:32,036 [Worker-28] INFO  o.e.m.c.i.l.LifecycleMappingFactory - Using org.maven.ide.eclipse.wtp.WarLifecycleMapping lifecycle mapping for MavenProject: cn.yunhe.ssm:struts_spring_mybatis:0.0.1-SNAPSHOT @ C:\Users\wuwei\Desktop\git\struts_spring_mybatis\pom.xml.
2018-03-15 16:37:32,052 [Worker-28] INFO  c.n.h.c.p.n.NettyAsyncHttpProvider - Number of application's worked threads is 16
2018-03-15 16:37:32,497 [New I/O client worker #45-1] INFO  o.e.m.c.i.e.AbstractTransferListenerAdapter - Downloading http://repo.maven.apache.org/maven2/org/springframework/spring-web/4.3.4.RELEASE/spring-web-4.3.4.RELEASE.pom
2018-03-15 16:37:32,500 [New I/O client worker #45-1] INFO  o.e.m.c.i.e.AbstractTransferListenerAdapter - Downloaded http://repo.maven.apache.org/maven2/org/springframework/spring-web/4.3.4.RELEASE/spring-web-4.3.4.RELEASE.pom
2018-03-15 16:37:32,792 [Worker-28] INFO  c.n.h.c.p.n.NettyAsyncHttpProvider - Number of application's worked threads is 16
2018-03-15 16:37:33,266 [New I/O client worker #46-1] INFO  o.e.m.c.i.e.AbstractTransferListenerAdapter - Downloading http://repo.maven.apache.org/maven2/org/springframework/spring-web/4.3.4.RELEASE/spring-web-4.3.4.RELEASE.jar
2018-03-15 16:37:35,976 [New I/O client worker #46-1] INFO  o.e.m.c.i.e.AbstractTransferListenerAdapter - Downloaded http://repo.maven.apache.org/maven2/org/springframework/spring-web/4.3.4.RELEASE/spring-web-4.3.4.RELEASE.jar
2018-03-15 16:37:36,600 [Worker-28] WARN  o.e.m.c.i.embedder.EclipseLogger - Using platform encoding (GBK actually) to copy filtered resources, i.e. build is platform dependent!
2018-03-15 16:37:36,603 [Worker-28] INFO  o.e.m.c.i.embedder.EclipseLogger - Copying 0 resource
2018-03-15 16:37:36,606 [Worker-28] WARN  o.e.m.c.i.embedder.EclipseLogger - Using platform encoding (GBK actually) to copy filtered resources, i.e. build is platform dependent!
2018-03-15 16:37:36,607 [Worker-28] INFO  o.e.m.c.i.embedder.EclipseLogger - skip non existing resourceDirectory C:\Users\wuwei\Desktop\git\struts_spring_mybatis\src\test\resources
2018-03-15 16:37:36,608 [Worker-28] INFO  o.e.m.w.i.f.ResourceFilteringBuildParticipant - Changed resources require a complete clean of filtered resources of struts_spring_mybatis
2018-03-15 16:37:36,608 [Worker-28] INFO  o.e.m.w.i.f.ResourceFilteringBuildParticipant - Executing resource filtering for struts_spring_mybatis
2018-03-15 16:37:36,616 [Worker-28] WARN  o.e.m.c.i.embedder.EclipseLogger - Using platform encoding (GBK actually) to copy filtered resources, i.e. build is platform dependent!
2018-03-15 16:37:37,915 [Worker-28] WARN  o.e.m.c.i.embedder.EclipseLogger - Using platform encoding (GBK actually) to copy filtered resources, i.e. build is platform dependent!
2018-03-15 16:37:37,919 [Worker-28] INFO  o.e.m.c.i.embedder.EclipseLogger - Copying 8 resources
2018-03-15 16:37:37,967 [Worker-28] WARN  o.e.m.c.i.embedder.EclipseLogger - Using platform encoding (GBK actually) to copy filtered resources, i.e. build is platform dependent!
2018-03-15 16:37:37,970 [Worker-28] INFO  o.e.m.c.i.embedder.EclipseLogger - skip non existing resourceDirectory C:\Users\wuwei\Desktop\git\struts_spring_mybatis\src\test\resources
2018-03-15 16:37:39,031 [Worker-31] WARN  o.e.m.c.i.embedder.EclipseLogger - Using platform encoding (GBK actually) to copy filtered resources, i.e. build is platform dependent!
2018-03-15 16:37:39,035 [Worker-31] INFO  o.e.m.c.i.embedder.EclipseLogger - Copying 8 resources
2018-03-15 16:37:39,039 [Worker-31] WARN  o.e.m.c.i.embedder.EclipseLogger - Using platform encoding (GBK actually) to copy filtered resources, i.e. build is platform dependent!
2018-03-15 16:37:39,041 [Worker-31] INFO  o.e.m.c.i.embedder.EclipseLogger - skip non existing resourceDirectory C:\Users\wuwei\Desktop\git\struts_spring_mybatis\src\test\resources
2018-03-15 16:37:46,226 [Worker-31] INFO  o.e.m.c.i.p.ProjectConfigurationManager - Update started
2018-03-15 16:37:46,295 [Worker-31] INFO  o.e.m.c.i.l.LifecycleMappingFactory - Using org.maven.ide.eclipse.wtp.WarLifecycleMapping lifecycle mapping for MavenProject: cn.yunhe.ssm:struts_spring_mybatis:0.0.1-SNAPSHOT @ C:\Users\wuwei\Desktop\git\struts_spring_mybatis\pom.xml.
2018-03-15 16:37:46,522 [Worker-31] INFO  o.e.m.j.i.AbstractJavaProjectConfigurator - Adding source folder /struts_spring_mybatis/src/main/java
2018-03-15 16:37:46,522 [Worker-31] INFO  o.e.m.j.i.AbstractJavaProjectConfigurator - Adding resource folder /struts_spring_mybatis/src/main/resources
2018-03-15 16:37:46,523 [Worker-31] INFO  o.e.m.j.i.AbstractJavaProjectConfigurator - Adding source folder /struts_spring_mybatis/src/test/java
2018-03-15 16:37:46,749 [Worker-31] ERROR o.e.m2e.wtp.WTPProjectConfigurator - Unable to configure struts_spring_mybatis
org.eclipse.m2e.wtp.MarkedException: Unable to configure struts_spring_mybatis
	at org.eclipse.m2e.wtp.AbstractProjectConfiguratorDelegate.configureProject(AbstractProjectConfiguratorDelegate.java:97) ~[na:na]
	at org.eclipse.m2e.wtp.WTPProjectConfigurator.configure(WTPProjectConfigurator.java:61) ~[na:na]
	at org.eclipse.m2e.core.project.configurator.AbstractLifecycleMapping.configure(AbstractLifecycleMapping.java:109) [org.eclipse.m2e.core_1.4.0.20130601-0317.jar:na]
	at org.eclipse.m2e.core.internal.project.ProjectConfigurationManager$3.call(ProjectConfigurationManager.java:472) [org.eclipse.m2e.core_1.4.0.20130601-0317.jar:na]
	at org.eclipse.m2e.core.internal.project.ProjectConfigurationManager$3.call(ProjectConfigurationManager.java:1) [org.eclipse.m2e.core_1.4.0.20130601-0317.jar:na]
	at org.eclipse.m2e.core.internal.embedder.MavenExecutionContext.executeBare(MavenExecutionContext.java:161) [org.eclipse.m2e.core_1.4.0.20130601-0317.jar:na]
	at org.eclipse.m2e.core.internal.embedder.MavenExecutionContext.execute(MavenExecutionContext.java:137) [org.eclipse.m2e.core_1.4.0.20130601-0317.jar:na]
	at org.eclipse.m2e.core.internal.project.ProjectConfigurationManager.updateProjectConfiguration(ProjectConfigurationManager.java:465) [org.eclipse.m2e.core_1.4.0.20130601-0317.jar:na]
	at org.eclipse.m2e.core.internal.project.ProjectConfigurationManager.updateProjectConfiguration0(ProjectConfigurationManager.java:403) [org.eclipse.m2e.core_1.4.0.20130601-0317.jar:na]
	at org.eclipse.m2e.core.internal.project.ProjectConfigurationManager$2.call(ProjectConfigurationManager.java:316) [org.eclipse.m2e.core_1.4.0.20130601-0317.jar:na]
	at org.eclipse.m2e.core.internal.project.ProjectConfigurationManager$2.call(ProjectConfigurationManager.java:1) [org.eclipse.m2e.core_1.4.0.20130601-0317.jar:na]
	at org.eclipse.m2e.core.internal.embedder.MavenExecutionContext.executeBare(MavenExecutionContext.java:161) [org.eclipse.m2e.core_1.4.0.20130601-0317.jar:na]
	at org.eclipse.m2e.core.internal.embedder.MavenExecutionContext.execute(MavenExecutionContext.java:137) [org.eclipse.m2e.core_1.4.0.20130601-0317.jar:na]
	at org.eclipse.m2e.core.internal.embedder.MavenExecutionContext.execute(MavenExecutionContext.java:89) [org.eclipse.m2e.core_1.4.0.20130601-0317.jar:na]
	at org.eclipse.m2e.core.internal.embedder.MavenImpl.execute(MavenImpl.java:1301) [org.eclipse.m2e.core_1.4.0.20130601-0317.jar:na]
	at org.eclipse.m2e.core.internal.project.ProjectConfigurationManager.updateProjectConfiguration(ProjectConfigurationManager.java:313) [org.eclipse.m2e.core_1.4.0.20130601-0317.jar:na]
	at org.eclipse.m2e.core.ui.internal.UpdateMavenProjectJob.runInWorkspace(UpdateMavenProjectJob.java:77) [org.eclipse.m2e.core.ui_1.4.0.20130601-0317.jar:na]
	at org.eclipse.core.internal.resources.InternalWorkspaceJob.run(InternalWorkspaceJob.java:38) [org.eclipse.core.resources_3.8.100.v20130521-2026.jar:na]
	at org.eclipse.core.internal.jobs.Worker.run(Worker.java:53) [org.eclipse.core.jobs_3.5.300.v20130429-1813.jar:na]
Caused by: org.eclipse.core.runtime.CoreException: One or more constraints have not been satisfied.
	at org.eclipse.wst.common.project.facet.core.internal.FacetedProject.modifyInternal(FacetedProject.java:363) ~[na:na]
	at org.eclipse.wst.common.project.facet.core.internal.FacetedProject.mergeChangesInternal(FacetedProject.java:1181) ~[na:na]
	at org.eclipse.wst.common.project.facet.core.internal.FacetedProject.access$2(FacetedProject.java:1117) ~[na:na]
	at org.eclipse.wst.common.project.facet.core.internal.FacetedProject$1.run(FacetedProject.java:324) ~[na:na]
	at org.eclipse.core.internal.resources.Workspace.run(Workspace.java:2345) ~[org.eclipse.core.resources_3.8.100.v20130521-2026.jar:na]
	at org.eclipse.wst.common.project.facet.core.internal.FacetedProject.modify(FacetedProject.java:339) ~[na:na]
	at org.eclipse.m2e.wtp.WebProjectConfiguratorDelegate.configure(WebProjectConfiguratorDelegate.java:150) ~[na:na]
	at org.eclipse.m2e.wtp.AbstractProjectConfiguratorDelegate.configureProject(AbstractProjectConfiguratorDelegate.java:93) ~[na:na]
	... 18 common frames omitted
2018-03-15 16:37:46,905 [Worker-31] INFO  o.e.m.w.i.f.ResourceFilteringBuildParticipant - Cleaning filtered folder for struts_spring_mybatis
2018-03-15 16:37:46,922 [Worker-31] INFO  o.e.m.c.i.p.ProjectConfigurationManager - Update completed: 0 sec
2018-03-15 16:37:47,295 [Worker-29] INFO  o.e.m.c.i.l.LifecycleMappingFactory - Using org.maven.ide.eclipse.wtp.WarLifecycleMapping lifecycle mapping for MavenProject: cn.yunhe.ssm:struts_spring_mybatis:0.0.1-SNAPSHOT @ C:\Users\wuwei\Desktop\git\struts_spring_mybatis\pom.xml.
2018-03-15 16:37:47,664 [Worker-29] WARN  o.e.m.c.i.embedder.EclipseLogger - Using platform encoding (GBK actually) to copy filtered resources, i.e. build is platform dependent!
2018-03-15 16:37:47,667 [Worker-29] INFO  o.e.m.c.i.embedder.EclipseLogger - Copying 8 resources
2018-03-15 16:37:47,717 [Worker-29] WARN  o.e.m.c.i.embedder.EclipseLogger - Using platform encoding (GBK actually) to copy filtered resources, i.e. build is platform dependent!
2018-03-15 16:37:47,721 [Worker-29] INFO  o.e.m.c.i.embedder.EclipseLogger - skip non existing resourceDirectory C:\Users\wuwei\Desktop\git\struts_spring_mybatis\src\test\resources
2018-03-15 16:37:51,062 [Worker-30] WARN  o.e.m.c.i.embedder.EclipseLogger - Using platform encoding (GBK actually) to copy filtered resources, i.e. build is platform dependent!
2018-03-15 16:37:51,067 [Worker-30] INFO  o.e.m.c.i.embedder.EclipseLogger - Copying 8 resources
2018-03-15 16:37:51,070 [Worker-30] WARN  o.e.m.c.i.embedder.EclipseLogger - Using platform encoding (GBK actually) to copy filtered resources, i.e. build is platform dependent!
2018-03-15 16:37:51,073 [Worker-30] INFO  o.e.m.c.i.embedder.EclipseLogger - skip non existing resourceDirectory C:\Users\wuwei\Desktop\git\struts_spring_mybatis\src\test\resources
2018-03-15 16:38:26,059 [Worker-32] INFO  o.e.m.c.i.l.LifecycleMappingFactory - Using org.maven.ide.eclipse.wtp.WarLifecycleMapping lifecycle mapping for MavenProject: cn.yunhe.ssm:struts_spring_mybatis:0.0.1-SNAPSHOT @ C:\Users\wuwei\Desktop\git\struts_spring_mybatis\pom.xml.
2018-03-15 16:38:26,300 [Worker-32] WARN  o.e.m.c.i.embedder.EclipseLogger - Using platform encoding (GBK actually) to copy filtered resources, i.e. build is platform dependent!
2018-03-15 16:38:26,302 [Worker-32] INFO  o.e.m.c.i.embedder.EclipseLogger - Copying 0 resource
2018-03-15 16:38:26,304 [Worker-32] WARN  o.e.m.c.i.embedder.EclipseLogger - Using platform encoding (GBK actually) to copy filtered resources, i.e. build is platform dependent!
2018-03-15 16:38:26,306 [Worker-32] INFO  o.e.m.c.i.embedder.EclipseLogger - skip non existing resourceDirectory C:\Users\wuwei\Desktop\git\struts_spring_mybatis\src\test\resources
2018-03-15 16:38:53,894 [Worker-34] INFO  o.e.m.c.i.l.LifecycleMappingFactory - Using org.maven.ide.eclipse.wtp.WarLifecycleMapping lifecycle mapping for MavenProject: cn.yunhe.ssm:struts_spring_mybatis:0.0.1-SNAPSHOT @ C:\Users\wuwei\Desktop\git\struts_spring_mybatis\pom.xml.
2018-03-15 16:38:54,139 [Worker-34] WARN  o.e.m.c.i.embedder.EclipseLogger - Using platform encoding (GBK actually) to copy filtered resources, i.e. build is platform dependent!
2018-03-15 16:38:54,143 [Worker-34] INFO  o.e.m.c.i.embedder.EclipseLogger - Copying 0 resource
2018-03-15 16:38:54,144 [Worker-34] WARN  o.e.m.c.i.embedder.EclipseLogger - Using platform encoding (GBK actually) to copy filtered resources, i.e. build is platform dependent!
2018-03-15 16:38:54,146 [Worker-34] INFO  o.e.m.c.i.embedder.EclipseLogger - skip non existing resourceDirectory C:\Users\wuwei\Desktop\git\struts_spring_mybatis\src\test\resources
2018-03-15 16:39:59,963 [Worker-32] INFO  o.e.m.c.i.l.LifecycleMappingFactory - Using org.maven.ide.eclipse.wtp.WarLifecycleMapping lifecycle mapping for MavenProject: cn.yunhe.ssm:struts_spring_mybatis:0.0.1-SNAPSHOT @ C:\Users\wuwei\Desktop\git\struts_spring_mybatis\pom.xml.
2018-03-15 16:40:00,182 [Worker-32] WARN  o.e.m.c.i.embedder.EclipseLogger - Using platform encoding (GBK actually) to copy filtered resources, i.e. build is platform dependent!
2018-03-15 16:40:00,185 [Worker-32] INFO  o.e.m.c.i.embedder.EclipseLogger - Copying 8 resources
2018-03-15 16:40:00,213 [Worker-32] WARN  o.e.m.c.i.embedder.EclipseLogger - Using platform encoding (GBK actually) to copy filtered resources, i.e. build is platform dependent!
2018-03-15 16:40:00,216 [Worker-32] INFO  o.e.m.c.i.embedder.EclipseLogger - skip non existing resourceDirectory C:\Users\wuwei\Desktop\git\struts_spring_mybatis\src\test\resources
2018-03-15 16:40:01,387 [Worker-1] WARN  o.e.m.c.i.embedder.EclipseLogger - Using platform encoding (GBK actually) to copy filtered resources, i.e. build is platform dependent!
2018-03-15 16:40:01,393 [Worker-1] INFO  o.e.m.c.i.embedder.EclipseLogger - Copying 8 resources
2018-03-15 16:40:01,396 [Worker-1] WARN  o.e.m.c.i.embedder.EclipseLogger - Using platform encoding (GBK actually) to copy filtered resources, i.e. build is platform dependent!
2018-03-15 16:40:01,399 [Worker-1] INFO  o.e.m.c.i.embedder.EclipseLogger - skip non existing resourceDirectory C:\Users\wuwei\Desktop\git\struts_spring_mybatis\src\test\resources
2018-03-15 16:40:43,609 [Worker-28] WARN  o.e.m.c.i.embedder.EclipseLogger - Using platform encoding (GBK actually) to copy filtered resources, i.e. build is platform dependent!
2018-03-15 16:40:43,612 [Worker-28] INFO  o.e.m.c.i.embedder.EclipseLogger - Copying 8 resources
2018-03-15 16:40:43,614 [Worker-28] WARN  o.e.m.c.i.embedder.EclipseLogger - Using platform encoding (GBK actually) to copy filtered resources, i.e. build is platform dependent!
2018-03-15 16:40:43,616 [Worker-28] INFO  o.e.m.c.i.embedder.EclipseLogger - skip non existing resourceDirectory C:\Users\wuwei\Desktop\git\struts_spring_mybatis\src\test\resources
2018-03-15 16:40:56,119 [Worker-26] WARN  o.e.m.c.i.embedder.EclipseLogger - Using platform encoding (GBK actually) to copy filtered resources, i.e. build is platform dependent!
2018-03-15 16:40:56,123 [Worker-26] INFO  o.e.m.c.i.embedder.EclipseLogger - Copying 8 resources
2018-03-15 16:40:56,124 [Worker-26] WARN  o.e.m.c.i.embedder.EclipseLogger - Using platform encoding (GBK actually) to copy filtered resources, i.e. build is platform dependent!
2018-03-15 16:40:56,127 [Worker-26] INFO  o.e.m.c.i.embedder.EclipseLogger - skip non existing resourceDirectory C:\Users\wuwei\Desktop\git\struts_spring_mybatis\src\test\resources
2018-03-16 07:42:22,305 [Worker-5] INFO  o.e.m.c.i.l.LifecycleMappingFactory - Using org.maven.ide.eclipse.wtp.WarLifecycleMapping lifecycle mapping for MavenProject: cn.yunhe.ssm:struts_spring_mybatis:0.0.1-SNAPSHOT @ C:\Users\wuwei\Desktop\git\struts_spring_mybatis\pom.xml.
2018-03-16 07:42:22,305 [Worker-0] INFO  o.e.m.c.i.l.LifecycleMappingFactory - Using org.maven.ide.eclipse.wtp.WarLifecycleMapping lifecycle mapping for MavenProject: cn.yunhe.ssm:struts_spring_mybatis:0.0.1-SNAPSHOT @ C:\Users\wuwei\Desktop\git\struts_spring_mybatis\pom.xml.
2018-03-16 07:42:26,809 [Worker-5] WARN  o.e.m.c.i.embedder.EclipseLogger - Using platform encoding (GBK actually) to copy filtered resources, i.e. build is platform dependent!
2018-03-16 07:42:26,840 [Worker-5] INFO  o.e.m.c.i.embedder.EclipseLogger - Copying 8 resources
2018-03-16 07:42:26,872 [Worker-5] WARN  o.e.m.c.i.embedder.EclipseLogger - Using platform encoding (GBK actually) to copy filtered resources, i.e. build is platform dependent!
2018-03-16 07:42:26,872 [Worker-5] INFO  o.e.m.c.i.embedder.EclipseLogger - skip non existing resourceDirectory C:\Users\wuwei\Desktop\git\struts_spring_mybatis\src\test\resources
2018-03-16 07:42:28,028 [Worker-2] INFO  o.e.m.c.i.l.LifecycleMappingFactory - Using org.maven.ide.eclipse.wtp.WarLifecycleMapping lifecycle mapping for MavenProject: cn.yunhe.ssm:struts_spring_mybatis:0.0.1-SNAPSHOT @ C:\Users\wuwei\Desktop\git\struts_spring_mybatis\pom.xml.
2018-03-16 07:42:29,059 [Worker-10] WARN  o.e.m.c.i.embedder.EclipseLogger - Using platform encoding (GBK actually) to copy filtered resources, i.e. build is platform dependent!
2018-03-16 07:42:29,059 [Worker-10] INFO  o.e.m.c.i.embedder.EclipseLogger - Copying 0 resource
2018-03-16 07:42:29,075 [Worker-10] WARN  o.e.m.c.i.embedder.EclipseLogger - Using platform encoding (GBK actually) to copy filtered resources, i.e. build is platform dependent!
2018-03-16 07:42:29,075 [Worker-10] INFO  o.e.m.c.i.embedder.EclipseLogger - skip non existing resourceDirectory C:\Users\wuwei\Desktop\git\struts_spring_mybatis\src\test\resources
